Using device: cuda
Saving all results to: /home/administrator/FYP/RL-baselines/results/actor_critic_continuous/run_20260430_065927
Starting Continuous Actor-Critic training on Pendulum-v1...
Episode 50/100000 | Average Reward (last 50): -1456.78
Episode 100/100000 | Average Reward (last 50): -1434.50
Episode 150/100000 | Average Reward (last 50): -1473.39
Episode 200/100000 | Average Reward (last 50): -1442.92
Episode 250/100000 | Average Reward (last 50): -1455.19
Episode 300/100000 | Average Reward (last 50): -1466.69
Episode 350/100000 | Average Reward (last 50): -1332.67
Episode 400/100000 | Average Reward (last 50): -1441.51
Episode 450/100000 | Average Reward (last 50): -1466.66
Episode 500/100000 | Average Reward (last 50): -1463.24
Episode 550/100000 | Average Reward (last 50): -1410.54
Episode 600/100000 | Average Reward (last 50): -1258.74
Episode 650/100000 | Average Reward (last 50): -1346.70
Episode 700/100000 | Average Reward (last 50): -1349.40
Episode 750/100000 | Average Reward (last 50): -1457.57
Episode 800/100000 | Average Reward (last 50): -1497.54
Episode 850/100000 | Average Reward (last 50): -1500.16
Episode 900/100000 | Average Reward (last 50): -1488.97
Episode 950/100000 | Average Reward (last 50): -1483.21
Episode 1000/100000 | Average Reward (last 50): -1475.69
Episode 1050/100000 | Average Reward (last 50): -1470.74
Episode 1100/100000 | Average Reward (last 50): -1402.32
Episode 1150/100000 | Average Reward (last 50): -1365.80
Episode 1200/100000 | Average Reward (last 50): -1453.98
Episode 1250/100000 | Average Reward (last 50): -1460.94
Episode 1300/100000 | Average Reward (last 50): -1454.01
Episode 1350/100000 | Average Reward (last 50): -1473.18
Episode 1400/100000 | Average Reward (last 50): -1467.05
Episode 1450/100000 | Average Reward (last 50): -1544.73
Episode 1500/100000 | Average Reward (last 50): -1476.68
Episode 1550/100000 | Average Reward (last 50): -1397.37
Episode 1600/100000 | Average Reward (last 50): -1396.80
Episode 1650/100000 | Average Reward (last 50): -1305.10
Episode 1700/100000 | Average Reward (last 50): -1352.14
Episode 1750/100000 | Average Reward (last 50): -1363.63
Episode 1800/100000 | Average Reward (last 50): -1360.12
Episode 1850/100000 | Average Reward (last 50): -1500.81
Episode 1900/100000 | Average Reward (last 50): -1453.08
Episode 1950/100000 | Average Reward (last 50): -1356.97
Episode 2000/100000 | Average Reward (last 50): -1362.63
Episode 2050/100000 | Average Reward (last 50): -1401.68
Episode 2100/100000 | Average Reward (last 50): -1423.82
Episode 2150/100000 | Average Reward (last 50): -1427.26
Episode 2200/100000 | Average Reward (last 50): -1476.84
Episode 2250/100000 | Average Reward (last 50): -1424.30
Episode 2300/100000 | Average Reward (last 50): -1351.66
Episode 2350/100000 | Average Reward (last 50): -1444.78
Episode 2400/100000 | Average Reward (last 50): -1432.69
Episode 2450/100000 | Average Reward (last 50): -1426.15
Episode 2500/100000 | Average Reward (last 50): -1324.64
Episode 2550/100000 | Average Reward (last 50): -1417.19
Episode 2600/100000 | Average Reward (last 50): -1373.27
Episode 2650/100000 | Average Reward (last 50): -1293.06
Episode 2700/100000 | Average Reward (last 50): -1184.64
Episode 2750/100000 | Average Reward (last 50): -1355.70
Episode 2800/100000 | Average Reward (last 50): -1104.34
Episode 2850/100000 | Average Reward (last 50): -1086.66
Episode 2900/100000 | Average Reward (last 50): -1429.91
Episode 2950/100000 | Average Reward (last 50): -1365.17
Episode 3000/100000 | Average Reward (last 50): -1448.27
Episode 3050/100000 | Average Reward (last 50): -1239.85
Episode 3100/100000 | Average Reward (last 50): -1387.10
Episode 3150/100000 | Average Reward (last 50): -1443.19
Episode 3200/100000 | Average Reward (last 50): -1433.40
Episode 3250/100000 | Average Reward (last 50): -1414.99
Episode 3300/100000 | Average Reward (last 50): -1408.81
Episode 3350/100000 | Average Reward (last 50): -1504.30
Episode 3400/100000 | Average Reward (last 50): -1430.81
Episode 3450/100000 | Average Reward (last 50): -1299.00
Episode 3500/100000 | Average Reward (last 50): -1398.76
Episode 3550/100000 | Average Reward (last 50): -1444.51
Episode 3600/100000 | Average Reward (last 50): -1468.76
Episode 3650/100000 | Average Reward (last 50): -1421.99
Episode 3700/100000 | Average Reward (last 50): -1357.69
Episode 3750/100000 | Average Reward (last 50): -1417.13
Episode 3800/100000 | Average Reward (last 50): -1469.53
Episode 3850/100000 | Average Reward (last 50): -1416.18
Episode 3900/100000 | Average Reward (last 50): -1411.45
Episode 3950/100000 | Average Reward (last 50): -1386.25
Episode 4000/100000 | Average Reward (last 50): -1462.12
Episode 4050/100000 | Average Reward (last 50): -1436.93
Episode 4100/100000 | Average Reward (last 50): -1439.13
Episode 4150/100000 | Average Reward (last 50): -1393.54
Episode 4200/100000 | Average Reward (last 50): -1446.46
Episode 4250/100000 | Average Reward (last 50): -1423.58
Episode 4300/100000 | Average Reward (last 50): -1426.38
Episode 4350/100000 | Average Reward (last 50): -1387.14
Episode 4400/100000 | Average Reward (last 50): -1386.59
Episode 4450/100000 | Average Reward (last 50): -1457.84
Episode 4500/100000 | Average Reward (last 50): -1468.86
Episode 4550/100000 | Average Reward (last 50): -1426.80
Episode 4600/100000 | Average Reward (last 50): -1400.88
Episode 4650/100000 | Average Reward (last 50): -1421.98
Episode 4700/100000 | Average Reward (last 50): -1435.04
Episode 4750/100000 | Average Reward (last 50): -1378.85
Episode 4800/100000 | Average Reward (last 50): -1462.29
Episode 4850/100000 | Average Reward (last 50): -1428.36
Episode 4900/100000 | Average Reward (last 50): -1428.13
Episode 4950/100000 | Average Reward (last 50): -1410.57
Episode 5000/100000 | Average Reward (last 50): -1446.76
Episode 5050/100000 | Average Reward (last 50): -1410.23
Episode 5100/100000 | Average Reward (last 50): -1499.53
Episode 5150/100000 | Average Reward (last 50): -1458.22
Episode 5200/100000 | Average Reward (last 50): -1426.23
Episode 5250/100000 | Average Reward (last 50): -1407.51
Episode 5300/100000 | Average Reward (last 50): -1408.90
Episode 5350/100000 | Average Reward (last 50): -1476.25
Episode 5400/100000 | Average Reward (last 50): -1426.19
Episode 5450/100000 | Average Reward (last 50): -1435.32
Episode 5500/100000 | Average Reward (last 50): -1471.54
Episode 5550/100000 | Average Reward (last 50): -1466.60
Episode 5600/100000 | Average Reward (last 50): -1407.23
Episode 5650/100000 | Average Reward (last 50): -1441.52
Episode 5700/100000 | Average Reward (last 50): -1466.68
Episode 5750/100000 | Average Reward (last 50): -1429.52
Episode 5800/100000 | Average Reward (last 50): -1355.21
Episode 5850/100000 | Average Reward (last 50): -1425.11
Episode 5900/100000 | Average Reward (last 50): -1467.84
Episode 5950/100000 | Average Reward (last 50): -1402.83
Episode 6000/100000 | Average Reward (last 50): -1451.73
Episode 6050/100000 | Average Reward (last 50): -1427.74
Episode 6100/100000 | Average Reward (last 50): -1433.67
Episode 6150/100000 | Average Reward (last 50): -1413.93
Episode 6200/100000 | Average Reward (last 50): -1477.28
Episode 6250/100000 | Average Reward (last 50): -1410.60
Episode 6300/100000 | Average Reward (last 50): -1418.64
Episode 6350/100000 | Average Reward (last 50): -1434.15
Episode 6400/100000 | Average Reward (last 50): -1465.08
Episode 6450/100000 | Average Reward (last 50): -1444.06
Episode 6500/100000 | Average Reward (last 50): -1379.03
Episode 6550/100000 | Average Reward (last 50): -1471.25
Episode 6600/100000 | Average Reward (last 50): -1447.90
Episode 6650/100000 | Average Reward (last 50): -1451.45
Episode 6700/100000 | Average Reward (last 50): -1460.21
Episode 6750/100000 | Average Reward (last 50): -1437.89
Episode 6800/100000 | Average Reward (last 50): -1460.41
Episode 6850/100000 | Average Reward (last 50): -1405.79
Episode 6900/100000 | Average Reward (last 50): -1403.46
Episode 6950/100000 | Average Reward (last 50): -1426.57
Episode 7000/100000 | Average Reward (last 50): -1432.79
Episode 7050/100000 | Average Reward (last 50): -1478.83
Episode 7100/100000 | Average Reward (last 50): -1424.20
Episode 7150/100000 | Average Reward (last 50): -1432.86
Episode 7200/100000 | Average Reward (last 50): -1460.82
Episode 7250/100000 | Average Reward (last 50): -1443.22
Episode 7300/100000 | Average Reward (last 50): -1412.91
Episode 7350/100000 | Average Reward (last 50): -1456.28
Episode 7400/100000 | Average Reward (last 50): -1430.45
Episode 7450/100000 | Average Reward (last 50): -1426.99
Episode 7500/100000 | Average Reward (last 50): -1443.17
Episode 7550/100000 | Average Reward (last 50): -1432.88
Episode 7600/100000 | Average Reward (last 50): -1421.54
Episode 7650/100000 | Average Reward (last 50): -1450.24
Episode 7700/100000 | Average Reward (last 50): -1423.90
Episode 7750/100000 | Average Reward (last 50): -1431.06
Episode 7800/100000 | Average Reward (last 50): -1426.68
Episode 7850/100000 | Average Reward (last 50): -1454.92
Episode 7900/100000 | Average Reward (last 50): -1424.69
Episode 7950/100000 | Average Reward (last 50): -1452.71
Episode 8000/100000 | Average Reward (last 50): -1444.93
Episode 8050/100000 | Average Reward (last 50): -1402.95
Episode 8100/100000 | Average Reward (last 50): -1497.57
Episode 8150/100000 | Average Reward (last 50): -1404.70
Episode 8200/100000 | Average Reward (last 50): -1429.11
Episode 8250/100000 | Average Reward (last 50): -1456.45
Episode 8300/100000 | Average Reward (last 50): -1479.56
Episode 8350/100000 | Average Reward (last 50): -1458.98
Episode 8400/100000 | Average Reward (last 50): -1419.57
Episode 8450/100000 | Average Reward (last 50): -1471.26
Episode 8500/100000 | Average Reward (last 50): -1409.43
Episode 8550/100000 | Average Reward (last 50): -1395.36
Episode 8600/100000 | Average Reward (last 50): -1474.71
Episode 8650/100000 | Average Reward (last 50): -1346.41
Episode 8700/100000 | Average Reward (last 50): -1411.47
Episode 8750/100000 | Average Reward (last 50): -1405.83
Episode 8800/100000 | Average Reward (last 50): -1381.18
Episode 8850/100000 | Average Reward (last 50): -1470.94
Episode 8900/100000 | Average Reward (last 50): -1472.22
Episode 8950/100000 | Average Reward (last 50): -1491.71
Episode 9000/100000 | Average Reward (last 50): -1379.62
Episode 9050/100000 | Average Reward (last 50): -1411.24
Episode 9100/100000 | Average Reward (last 50): -1416.71
Episode 9150/100000 | Average Reward (last 50): -1418.53
Episode 9200/100000 | Average Reward (last 50): -1441.92
Episode 9250/100000 | Average Reward (last 50): -1394.61
Episode 9300/100000 | Average Reward (last 50): -1496.27
Episode 9350/100000 | Average Reward (last 50): -1390.38
Episode 9400/100000 | Average Reward (last 50): -1400.30
Episode 9450/100000 | Average Reward (last 50): -1403.44
Episode 9500/100000 | Average Reward (last 50): -1420.76
Episode 9550/100000 | Average Reward (last 50): -1417.34
Episode 9600/100000 | Average Reward (last 50): -1395.45
Episode 9650/100000 | Average Reward (last 50): -1365.00
Episode 9700/100000 | Average Reward (last 50): -1391.51
Episode 9750/100000 | Average Reward (last 50): -1405.66
Episode 9800/100000 | Average Reward (last 50): -1392.07
Episode 9850/100000 | Average Reward (last 50): -1423.85
Episode 9900/100000 | Average Reward (last 50): -1507.12
Episode 9950/100000 | Average Reward (last 50): -1408.30
Episode 10000/100000 | Average Reward (last 50): -1387.79
Episode 10050/100000 | Average Reward (last 50): -1448.79
Episode 10100/100000 | Average Reward (last 50): -1426.76
Episode 10150/100000 | Average Reward (last 50): -1442.90
Episode 10200/100000 | Average Reward (last 50): -1429.61
Episode 10250/100000 | Average Reward (last 50): -1473.87
Episode 10300/100000 | Average Reward (last 50): -1488.77
Episode 10350/100000 | Average Reward (last 50): -1402.72
Episode 10400/100000 | Average Reward (last 50): -1386.46
Episode 10450/100000 | Average Reward (last 50): -1418.14
Episode 10500/100000 | Average Reward (last 50): -1427.14
Episode 10550/100000 | Average Reward (last 50): -1443.40
Episode 10600/100000 | Average Reward (last 50): -1478.43
Episode 10650/100000 | Average Reward (last 50): -1382.88
Episode 10700/100000 | Average Reward (last 50): -1435.65
Episode 10750/100000 | Average Reward (last 50): -1470.38
Episode 10800/100000 | Average Reward (last 50): -1490.36
Episode 10850/100000 | Average Reward (last 50): -1423.45
Episode 10900/100000 | Average Reward (last 50): -1448.45
Episode 10950/100000 | Average Reward (last 50): -1431.30
Episode 11000/100000 | Average Reward (last 50): -1411.16
Episode 11050/100000 | Average Reward (last 50): -1434.15
Episode 11100/100000 | Average Reward (last 50): -1460.84
Episode 11150/100000 | Average Reward (last 50): -1393.71
Episode 11200/100000 | Average Reward (last 50): -1413.50
Episode 11250/100000 | Average Reward (last 50): -1379.90
Episode 11300/100000 | Average Reward (last 50): -1454.38
Episode 11350/100000 | Average Reward (last 50): -1496.77
Episode 11400/100000 | Average Reward (last 50): -1435.55
Episode 11450/100000 | Average Reward (last 50): -1454.11
Episode 11500/100000 | Average Reward (last 50): -1469.34
Episode 11550/100000 | Average Reward (last 50): -1479.92
Episode 11600/100000 | Average Reward (last 50): -1505.05
Episode 11650/100000 | Average Reward (last 50): -1432.05
Episode 11700/100000 | Average Reward (last 50): -1453.21
Episode 11750/100000 | Average Reward (last 50): -1458.21
Episode 11800/100000 | Average Reward (last 50): -1397.40
Episode 11850/100000 | Average Reward (last 50): -1461.13
Episode 11900/100000 | Average Reward (last 50): -1422.34
Episode 11950/100000 | Average Reward (last 50): -1439.49
Episode 12000/100000 | Average Reward (last 50): -1452.17
Episode 12050/100000 | Average Reward (last 50): -1448.74
Episode 12100/100000 | Average Reward (last 50): -1410.37
Episode 12150/100000 | Average Reward (last 50): -1394.10
Episode 12200/100000 | Average Reward (last 50): -1462.48
Episode 12250/100000 | Average Reward (last 50): -1439.51
Episode 12300/100000 | Average Reward (last 50): -1467.70
Episode 12350/100000 | Average Reward (last 50): -1457.94
Episode 12400/100000 | Average Reward (last 50): -1471.63
Episode 12450/100000 | Average Reward (last 50): -1395.96
Episode 12500/100000 | Average Reward (last 50): -1406.46
Episode 12550/100000 | Average Reward (last 50): -1398.37
Episode 12600/100000 | Average Reward (last 50): -1429.70
Episode 12650/100000 | Average Reward (last 50): -1466.66
Episode 12700/100000 | Average Reward (last 50): -1455.32
Episode 12750/100000 | Average Reward (last 50): -1439.97
Episode 12800/100000 | Average Reward (last 50): -1438.01
Episode 12850/100000 | Average Reward (last 50): -1434.38
Episode 12900/100000 | Average Reward (last 50): -1462.82
Episode 12950/100000 | Average Reward (last 50): -1447.95
Episode 13000/100000 | Average Reward (last 50): -1454.29
Episode 13050/100000 | Average Reward (last 50): -1452.27
Episode 13100/100000 | Average Reward (last 50): -1437.86
Episode 13150/100000 | Average Reward (last 50): -1405.96
Episode 13200/100000 | Average Reward (last 50): -1474.59
Episode 13250/100000 | Average Reward (last 50): -1484.86
Episode 13300/100000 | Average Reward (last 50): -1459.07
Episode 13350/100000 | Average Reward (last 50): -1471.37
Episode 13400/100000 | Average Reward (last 50): -1456.70
Episode 13450/100000 | Average Reward (last 50): -1448.65
Episode 13500/100000 | Average Reward (last 50): -1446.60
Episode 13550/100000 | Average Reward (last 50): -1417.14
Episode 13600/100000 | Average Reward (last 50): -1426.94
Episode 13650/100000 | Average Reward (last 50): -1461.80
Episode 13700/100000 | Average Reward (last 50): -1435.38
Episode 13750/100000 | Average Reward (last 50): -1464.06
Episode 13800/100000 | Average Reward (last 50): -1416.71
Episode 13850/100000 | Average Reward (last 50): -1433.82
Episode 13900/100000 | Average Reward (last 50): -1482.19
Episode 13950/100000 | Average Reward (last 50): -1434.89
Episode 14000/100000 | Average Reward (last 50): -1408.63
Episode 14050/100000 | Average Reward (last 50): -1441.47
Episode 14100/100000 | Average Reward (last 50): -1455.98
Episode 14150/100000 | Average Reward (last 50): -1384.03
Episode 14200/100000 | Average Reward (last 50): -1448.39
Episode 14250/100000 | Average Reward (last 50): -1505.17
Episode 14300/100000 | Average Reward (last 50): -1445.43
Episode 14350/100000 | Average Reward (last 50): -1500.01
Episode 14400/100000 | Average Reward (last 50): -1463.29
Episode 14450/100000 | Average Reward (last 50): -1456.24
Episode 14500/100000 | Average Reward (last 50): -1362.72
Episode 14550/100000 | Average Reward (last 50): -1419.42
Episode 14600/100000 | Average Reward (last 50): -1487.49
Episode 14650/100000 | Average Reward (last 50): -1471.04
Episode 14700/100000 | Average Reward (last 50): -1440.86
Episode 14750/100000 | Average Reward (last 50): -1497.67
Episode 14800/100000 | Average Reward (last 50): -1469.79
Episode 14850/100000 | Average Reward (last 50): -1467.84
Episode 14900/100000 | Average Reward (last 50): -1444.69
Episode 14950/100000 | Average Reward (last 50): -1412.59
Episode 15000/100000 | Average Reward (last 50): -1435.52
Episode 15050/100000 | Average Reward (last 50): -1463.73
Episode 15100/100000 | Average Reward (last 50): -1359.90
Episode 15150/100000 | Average Reward (last 50): -1457.35
Episode 15200/100000 | Average Reward (last 50): -1456.21
Episode 15250/100000 | Average Reward (last 50): -1467.16
Episode 15300/100000 | Average Reward (last 50): -1428.64
Episode 15350/100000 | Average Reward (last 50): -1427.66
Episode 15400/100000 | Average Reward (last 50): -1452.27
Episode 15450/100000 | Average Reward (last 50): -1440.43
Episode 15500/100000 | Average Reward (last 50): -1412.80
Episode 15550/100000 | Average Reward (last 50): -1489.00
Episode 15600/100000 | Average Reward (last 50): -1450.97
Episode 15650/100000 | Average Reward (last 50): -1444.34
Episode 15700/100000 | Average Reward (last 50): -1430.73
Episode 15750/100000 | Average Reward (last 50): -1386.97
Episode 15800/100000 | Average Reward (last 50): -1408.37
Episode 15850/100000 | Average Reward (last 50): -1394.33
Episode 15900/100000 | Average Reward (last 50): -1402.87
Episode 15950/100000 | Average Reward (last 50): -1442.86
Episode 16000/100000 | Average Reward (last 50): -1391.92
Episode 16050/100000 | Average Reward (last 50): -1455.14
Episode 16100/100000 | Average Reward (last 50): -1407.99
Episode 16150/100000 | Average Reward (last 50): -1422.83
Episode 16200/100000 | Average Reward (last 50): -1404.47
Episode 16250/100000 | Average Reward (last 50): -1408.74
Episode 16300/100000 | Average Reward (last 50): -1427.74
Episode 16350/100000 | Average Reward (last 50): -1422.64
Episode 16400/100000 | Average Reward (last 50): -1433.27
Episode 16450/100000 | Average Reward (last 50): -1383.75
Episode 16500/100000 | Average Reward (last 50): -1468.34
Episode 16550/100000 | Average Reward (last 50): -1484.27
Episode 16600/100000 | Average Reward (last 50): -1458.85
Episode 16650/100000 | Average Reward (last 50): -1498.48
Episode 16700/100000 | Average Reward (last 50): -1428.71
Episode 16750/100000 | Average Reward (last 50): -1425.16
Episode 16800/100000 | Average Reward (last 50): -1480.03
Episode 16850/100000 | Average Reward (last 50): -1437.54
Episode 16900/100000 | Average Reward (last 50): -1491.03
Episode 16950/100000 | Average Reward (last 50): -1451.54
Episode 17000/100000 | Average Reward (last 50): -1454.09
Episode 17050/100000 | Average Reward (last 50): -1401.27
Episode 17100/100000 | Average Reward (last 50): -1360.89
Episode 17150/100000 | Average Reward (last 50): -1449.40
Episode 17200/100000 | Average Reward (last 50): -1479.28
Episode 17250/100000 | Average Reward (last 50): -1437.60
Episode 17300/100000 | Average Reward (last 50): -1431.76
Episode 17350/100000 | Average Reward (last 50): -1422.00
Episode 17400/100000 | Average Reward (last 50): -1375.11
Episode 17450/100000 | Average Reward (last 50): -1398.88
Episode 17500/100000 | Average Reward (last 50): -1447.10
Episode 17550/100000 | Average Reward (last 50): -1484.32
Episode 17600/100000 | Average Reward (last 50): -1475.12
Episode 17650/100000 | Average Reward (last 50): -1430.81
Episode 17700/100000 | Average Reward (last 50): -1414.58
Episode 17750/100000 | Average Reward (last 50): -1365.24
Episode 17800/100000 | Average Reward (last 50): -1396.11
Episode 17850/100000 | Average Reward (last 50): -1442.21
Episode 17900/100000 | Average Reward (last 50): -1456.38
Episode 17950/100000 | Average Reward (last 50): -1450.59
Episode 18000/100000 | Average Reward (last 50): -1398.82
Episode 18050/100000 | Average Reward (last 50): -1465.35
Episode 18100/100000 | Average Reward (last 50): -1434.78
Episode 18150/100000 | Average Reward (last 50): -1443.20
Episode 18200/100000 | Average Reward (last 50): -1435.39
Episode 18250/100000 | Average Reward (last 50): -1440.84
Episode 18300/100000 | Average Reward (last 50): -1433.81
Episode 18350/100000 | Average Reward (last 50): -1440.43
Episode 18400/100000 | Average Reward (last 50): -1489.75
Episode 18450/100000 | Average Reward (last 50): -1402.77
Episode 18500/100000 | Average Reward (last 50): -1432.36
Episode 18550/100000 | Average Reward (last 50): -1391.65
Episode 18600/100000 | Average Reward (last 50): -1330.26
Episode 18650/100000 | Average Reward (last 50): -1471.64
Episode 18700/100000 | Average Reward (last 50): -1421.26
Episode 18750/100000 | Average Reward (last 50): -1450.46
Episode 18800/100000 | Average Reward (last 50): -1443.85
Episode 18850/100000 | Average Reward (last 50): -1441.26
Episode 18900/100000 | Average Reward (last 50): -1511.73
Episode 18950/100000 | Average Reward (last 50): -1466.67
Episode 19000/100000 | Average Reward (last 50): -1395.21
Episode 19050/100000 | Average Reward (last 50): -1447.74
Episode 19100/100000 | Average Reward (last 50): -1458.07
Episode 19150/100000 | Average Reward (last 50): -1463.85
Episode 19200/100000 | Average Reward (last 50): -1413.63
Episode 19250/100000 | Average Reward (last 50): -1437.60
Episode 19300/100000 | Average Reward (last 50): -1393.19
Episode 19350/100000 | Average Reward (last 50): -1447.44
Episode 19400/100000 | Average Reward (last 50): -1418.02
Episode 19450/100000 | Average Reward (last 50): -1442.95
Episode 19500/100000 | Average Reward (last 50): -1428.89
Episode 19550/100000 | Average Reward (last 50): -1420.04
Episode 19600/100000 | Average Reward (last 50): -1433.23
Episode 19650/100000 | Average Reward (last 50): -1492.03
Episode 19700/100000 | Average Reward (last 50): -1498.19
Episode 19750/100000 | Average Reward (last 50): -1413.47
Episode 19800/100000 | Average Reward (last 50): -1363.33
Episode 19850/100000 | Average Reward (last 50): -1488.51
Episode 19900/100000 | Average Reward (last 50): -1447.09
Episode 19950/100000 | Average Reward (last 50): -1353.31
Episode 20000/100000 | Average Reward (last 50): -1419.80
Episode 20050/100000 | Average Reward (last 50): -1469.21
Episode 20100/100000 | Average Reward (last 50): -1469.87
Episode 20150/100000 | Average Reward (last 50): -1442.14
Episode 20200/100000 | Average Reward (last 50): -1436.44
Traceback (most recent call last):
  File "/home/administrator/FYP/RL-baselines/baselines/model-free/actor-critic/actor_critic_continuous.py", line 225, in <module>
    model, rewards = train()
                     ^^^^^^^
  File "/home/administrator/FYP/RL-baselines/baselines/model-free/actor-critic/actor_critic_continuous.py", line 149, in train
    loss.backward()
  File "/home/administrator/FYP/RL-baselines/venv/lib/python3.12/site-packages/torch/_tensor.py", line 626, in backward
    torch.autograd.backward(
  File "/home/administrator/FYP/RL-baselines/venv/lib/python3.12/site-packages/torch/autograd/__init__.py", line 347, in backward
    _engine_run_backward(
  File "/home/administrator/FYP/RL-baselines/venv/lib/python3.12/site-packages/torch/autograd/graph.py", line 823, in _engine_run_backward
    return Variable._execution_engine.run_backward(  # Calls into the C++ engine to run the backward pass
           ^^^^^^^^^^^^^^^^^^^^^^^^^^^^^^^^^^^^^^^^^^^^^^^^^^^^^^^^^^^^^^^^^^^^^^^^^^^^^^^^^^^^^^^^^^^^^^
KeyboardInterrupt
