Using device: cuda
Saving all results to: /home/administrator/FYP/RL-baselines/results/muzero/run_20260430_144334
Starting MuZero training on CartPole-v1...
Game 10/5000 | Avg Reward: 25.90
Game 20/5000 | Avg Reward: 12.60
Game 30/5000 | Avg Reward: 20.20
Game 40/5000 | Avg Reward: 26.40
Game 50/5000 | Avg Reward: 20.60
Game 60/5000 | Avg Reward: 22.20
Game 70/5000 | Avg Reward: 22.40
Game 80/5000 | Avg Reward: 40.50
Game 90/5000 | Avg Reward: 37.80
Game 100/5000 | Avg Reward: 67.00
Game 110/5000 | Avg Reward: 119.00
Game 120/5000 | Avg Reward: 168.70
Game 130/5000 | Avg Reward: 104.00
Game 140/5000 | Avg Reward: 142.40
Game 150/5000 | Avg Reward: 146.40
Game 160/5000 | Avg Reward: 148.40
Game 170/5000 | Avg Reward: 160.90
Game 180/5000 | Avg Reward: 252.90
Game 190/5000 | Avg Reward: 231.10
Game 200/5000 | Avg Reward: 236.90
Game 210/5000 | Avg Reward: 229.20
Game 220/5000 | Avg Reward: 234.70
Game 230/5000 | Avg Reward: 221.90
Traceback (most recent call last):
  File "/home/administrator/FYP/RL-baselines/baselines/model-based/MuZero/muzero.py", line 510, in <module>
    network, rewards, config = train(args)
                               ^^^^^^^^^^^
  File "/home/administrator/FYP/RL-baselines/baselines/model-based/MuZero/muzero.py", line 364, in train
    policy, root_value = run_mctx(config, network, obs)
                         ^^^^^^^^^^^^^^^^^^^^^^^^^^^^^^
  File "/home/administrator/FYP/RL-baselines/baselines/model-based/MuZero/muzero.py", line 195, in run_mctx
    action_tensor = torch.tensor([action], dtype=torch.long, device=device)
                    ^^^^^^^^^^^^^^^^^^^^^^^^^^^^^^^^^^^^^^^^^^^^^^^^^^^^^^^
KeyboardInterrupt
