Saving all results to: /home/administrator/FYP/RL-baselines/results/sac/run_20260501_134009
Episode 10/300 | Avg reward: -1309.72
Episode 20/300 | Avg reward: -1075.32
Episode 30/300 | Avg reward: -411.64
Episode 40/300 | Avg reward: -158.95
Episode 50/300 | Avg reward: -170.06
Episode 60/300 | Avg reward: -187.63
Episode 70/300 | Avg reward: -164.03
Episode 80/300 | Avg reward: -174.75
Episode 90/300 | Avg reward: -121.57
Episode 100/300 | Avg reward: -159.14
Episode 110/300 | Avg reward: -122.67
Episode 120/300 | Avg reward: -192.38
Episode 130/300 | Avg reward: -168.00
Episode 140/300 | Avg reward: -133.21
Episode 150/300 | Avg reward: -97.56
Episode 160/300 | Avg reward: -164.32
Episode 170/300 | Avg reward: -143.26
Episode 180/300 | Avg reward: -172.53
Episode 190/300 | Avg reward: -156.73
Episode 200/300 | Avg reward: -107.59
Episode 210/300 | Avg reward: -181.29
Episode 220/300 | Avg reward: -169.88
Episode 230/300 | Avg reward: -119.16
Episode 240/300 | Avg reward: -202.58
Episode 250/300 | Avg reward: -158.14
Episode 260/300 | Avg reward: -120.46
Episode 270/300 | Avg reward: -140.65
Episode 280/300 | Avg reward: -167.51
Episode 290/300 | Avg reward: -146.91
Episode 300/300 | Avg reward: -152.33
Model saved: /home/administrator/FYP/RL-baselines/results/sac/run_20260501_134009/model.pth
Training curve saved: /home/administrator/FYP/RL-baselines/results/sac/run_20260501_134009/training_curve.png
Evaluation reward: -129.17
Evaluation GIF saved: /home/administrator/FYP/RL-baselines/results/sac/run_20260501_134009/sac_pendulum_agent.gif
