Using device: cuda
Saving all results to: /home/administrator/FYP/RL-baselines/results/ddqn/run_20260501_142439
A.L.E: Arcade Learning Environment (version 0.11.2+ecc1138)
[Powered by Stella]
Starting Double DQN Training for 1000000 frames...
Frame: 2000/1000000 | Epsilon: 1.00 | Avg Reward (Last 20): 0.20
Frame: 4000/1000000 | Epsilon: 1.00 | Avg Reward (Last 20): 0.15
Frame: 6000/1000000 | Epsilon: 0.99 | Avg Reward (Last 20): 0.40
Frame: 8000/1000000 | Epsilon: 0.99 | Avg Reward (Last 20): 0.30
Frame: 10000/1000000 | Epsilon: 0.99 | Avg Reward (Last 20): 0.20
Frame: 12000/1000000 | Epsilon: 0.99 | Avg Reward (Last 20): 0.35
Frame: 14000/1000000 | Epsilon: 0.99 | Avg Reward (Last 20): 0.25
Frame: 16000/1000000 | Epsilon: 0.99 | Avg Reward (Last 20): 0.25
Frame: 18000/1000000 | Epsilon: 0.98 | Avg Reward (Last 20): 0.25
Frame: 20000/1000000 | Epsilon: 0.98 | Avg Reward (Last 20): 0.00
Frame: 22000/1000000 | Epsilon: 0.98 | Avg Reward (Last 20): 0.35
Frame: 24000/1000000 | Epsilon: 0.98 | Avg Reward (Last 20): 0.25
Frame: 26000/1000000 | Epsilon: 0.98 | Avg Reward (Last 20): 0.40
Frame: 28000/1000000 | Epsilon: 0.97 | Avg Reward (Last 20): 0.35
Frame: 30000/1000000 | Epsilon: 0.97 | Avg Reward (Last 20): 0.05
Frame: 32000/1000000 | Epsilon: 0.97 | Avg Reward (Last 20): 0.25
Frame: 34000/1000000 | Epsilon: 0.97 | Avg Reward (Last 20): 0.50
Frame: 36000/1000000 | Epsilon: 0.97 | Avg Reward (Last 20): 0.15
Frame: 38000/1000000 | Epsilon: 0.97 | Avg Reward (Last 20): 0.15
Frame: 40000/1000000 | Epsilon: 0.96 | Avg Reward (Last 20): 0.20
Frame: 42000/1000000 | Epsilon: 0.96 | Avg Reward (Last 20): 0.20
Frame: 44000/1000000 | Epsilon: 0.96 | Avg Reward (Last 20): 0.25
Frame: 46000/1000000 | Epsilon: 0.96 | Avg Reward (Last 20): 0.30
Frame: 48000/1000000 | Epsilon: 0.96 | Avg Reward (Last 20): 0.30
Frame: 50000/1000000 | Epsilon: 0.95 | Avg Reward (Last 20): 0.45
Frame: 52000/1000000 | Epsilon: 0.95 | Avg Reward (Last 20): 0.15
Frame: 54000/1000000 | Epsilon: 0.95 | Avg Reward (Last 20): 0.20
Frame: 56000/1000000 | Epsilon: 0.95 | Avg Reward (Last 20): 0.10
Frame: 58000/1000000 | Epsilon: 0.95 | Avg Reward (Last 20): 0.10
Frame: 60000/1000000 | Epsilon: 0.95 | Avg Reward (Last 20): 0.50
Frame: 62000/1000000 | Epsilon: 0.94 | Avg Reward (Last 20): 0.20
Frame: 64000/1000000 | Epsilon: 0.94 | Avg Reward (Last 20): 0.45
Frame: 66000/1000000 | Epsilon: 0.94 | Avg Reward (Last 20): 0.10
Frame: 68000/1000000 | Epsilon: 0.94 | Avg Reward (Last 20): 0.35
Frame: 70000/1000000 | Epsilon: 0.94 | Avg Reward (Last 20): 0.00
Frame: 72000/1000000 | Epsilon: 0.94 | Avg Reward (Last 20): 0.45
Frame: 74000/1000000 | Epsilon: 0.93 | Avg Reward (Last 20): 0.30
Frame: 76000/1000000 | Epsilon: 0.93 | Avg Reward (Last 20): 0.35
Frame: 78000/1000000 | Epsilon: 0.93 | Avg Reward (Last 20): 0.15
Frame: 80000/1000000 | Epsilon: 0.93 | Avg Reward (Last 20): 0.40
Frame: 82000/1000000 | Epsilon: 0.93 | Avg Reward (Last 20): 0.25
Frame: 84000/1000000 | Epsilon: 0.92 | Avg Reward (Last 20): 0.35
Frame: 86000/1000000 | Epsilon: 0.92 | Avg Reward (Last 20): 0.55
Frame: 88000/1000000 | Epsilon: 0.92 | Avg Reward (Last 20): 0.15
Frame: 90000/1000000 | Epsilon: 0.92 | Avg Reward (Last 20): 0.25
Frame: 92000/1000000 | Epsilon: 0.92 | Avg Reward (Last 20): 0.25
Frame: 94000/1000000 | Epsilon: 0.92 | Avg Reward (Last 20): 0.25
Frame: 96000/1000000 | Epsilon: 0.91 | Avg Reward (Last 20): 0.35
Frame: 98000/1000000 | Epsilon: 0.91 | Avg Reward (Last 20): 0.20
Frame: 100000/1000000 | Epsilon: 0.91 | Avg Reward (Last 20): 0.20
Frame: 102000/1000000 | Epsilon: 0.91 | Avg Reward (Last 20): 0.35
Frame: 104000/1000000 | Epsilon: 0.91 | Avg Reward (Last 20): 0.30
Frame: 106000/1000000 | Epsilon: 0.90 | Avg Reward (Last 20): 0.40
Frame: 108000/1000000 | Epsilon: 0.90 | Avg Reward (Last 20): 0.20
Frame: 110000/1000000 | Epsilon: 0.90 | Avg Reward (Last 20): 0.10
Frame: 112000/1000000 | Epsilon: 0.90 | Avg Reward (Last 20): 0.40
Frame: 114000/1000000 | Epsilon: 0.90 | Avg Reward (Last 20): 0.10
Frame: 116000/1000000 | Epsilon: 0.90 | Avg Reward (Last 20): 0.50
Frame: 118000/1000000 | Epsilon: 0.89 | Avg Reward (Last 20): 0.45
Frame: 120000/1000000 | Epsilon: 0.89 | Avg Reward (Last 20): 0.45
Frame: 122000/1000000 | Epsilon: 0.89 | Avg Reward (Last 20): 0.15
Frame: 124000/1000000 | Epsilon: 0.89 | Avg Reward (Last 20): 0.25
Frame: 126000/1000000 | Epsilon: 0.89 | Avg Reward (Last 20): 0.30
Frame: 128000/1000000 | Epsilon: 0.88 | Avg Reward (Last 20): 0.35
Frame: 130000/1000000 | Epsilon: 0.88 | Avg Reward (Last 20): 0.15
Frame: 132000/1000000 | Epsilon: 0.88 | Avg Reward (Last 20): 0.50
Frame: 134000/1000000 | Epsilon: 0.88 | Avg Reward (Last 20): 0.45
Frame: 136000/1000000 | Epsilon: 0.88 | Avg Reward (Last 20): 0.25
Frame: 138000/1000000 | Epsilon: 0.88 | Avg Reward (Last 20): 0.15
Frame: 140000/1000000 | Epsilon: 0.87 | Avg Reward (Last 20): 0.60
Frame: 142000/1000000 | Epsilon: 0.87 | Avg Reward (Last 20): 0.20
Frame: 144000/1000000 | Epsilon: 0.87 | Avg Reward (Last 20): 0.30
Frame: 146000/1000000 | Epsilon: 0.87 | Avg Reward (Last 20): 0.45
Frame: 148000/1000000 | Epsilon: 0.87 | Avg Reward (Last 20): 0.40
Frame: 150000/1000000 | Epsilon: 0.86 | Avg Reward (Last 20): 0.20
Frame: 152000/1000000 | Epsilon: 0.86 | Avg Reward (Last 20): 0.20
Frame: 154000/1000000 | Epsilon: 0.86 | Avg Reward (Last 20): 0.45
Frame: 156000/1000000 | Epsilon: 0.86 | Avg Reward (Last 20): 0.35
Frame: 158000/1000000 | Epsilon: 0.86 | Avg Reward (Last 20): 0.35
Frame: 160000/1000000 | Epsilon: 0.86 | Avg Reward (Last 20): 0.15
Frame: 162000/1000000 | Epsilon: 0.85 | Avg Reward (Last 20): 0.15
Frame: 164000/1000000 | Epsilon: 0.85 | Avg Reward (Last 20): 0.40
Frame: 166000/1000000 | Epsilon: 0.85 | Avg Reward (Last 20): 0.20
Frame: 168000/1000000 | Epsilon: 0.85 | Avg Reward (Last 20): 0.25
Frame: 170000/1000000 | Epsilon: 0.85 | Avg Reward (Last 20): 0.10
Frame: 172000/1000000 | Epsilon: 0.85 | Avg Reward (Last 20): 0.60
Frame: 174000/1000000 | Epsilon: 0.84 | Avg Reward (Last 20): 0.15
Frame: 176000/1000000 | Epsilon: 0.84 | Avg Reward (Last 20): 0.35
Frame: 178000/1000000 | Epsilon: 0.84 | Avg Reward (Last 20): 0.00
Frame: 180000/1000000 | Epsilon: 0.84 | Avg Reward (Last 20): 0.25
Frame: 182000/1000000 | Epsilon: 0.84 | Avg Reward (Last 20): 0.60
Frame: 184000/1000000 | Epsilon: 0.83 | Avg Reward (Last 20): 0.40
Frame: 186000/1000000 | Epsilon: 0.83 | Avg Reward (Last 20): 0.25
Frame: 188000/1000000 | Epsilon: 0.83 | Avg Reward (Last 20): 0.30
Frame: 190000/1000000 | Epsilon: 0.83 | Avg Reward (Last 20): 0.20
Frame: 192000/1000000 | Epsilon: 0.83 | Avg Reward (Last 20): 0.30
Frame: 194000/1000000 | Epsilon: 0.83 | Avg Reward (Last 20): 0.25
Frame: 196000/1000000 | Epsilon: 0.82 | Avg Reward (Last 20): 0.30
Frame: 198000/1000000 | Epsilon: 0.82 | Avg Reward (Last 20): 0.15
Frame: 200000/1000000 | Epsilon: 0.82 | Avg Reward (Last 20): 0.40
Frame: 202000/1000000 | Epsilon: 0.82 | Avg Reward (Last 20): 0.25
Frame: 204000/1000000 | Epsilon: 0.82 | Avg Reward (Last 20): 0.15
Frame: 206000/1000000 | Epsilon: 0.81 | Avg Reward (Last 20): 0.45
Frame: 208000/1000000 | Epsilon: 0.81 | Avg Reward (Last 20): 0.35
Frame: 210000/1000000 | Epsilon: 0.81 | Avg Reward (Last 20): 0.35
Frame: 212000/1000000 | Epsilon: 0.81 | Avg Reward (Last 20): 0.20
Frame: 214000/1000000 | Epsilon: 0.81 | Avg Reward (Last 20): 0.35
Frame: 216000/1000000 | Epsilon: 0.81 | Avg Reward (Last 20): 0.35
Frame: 218000/1000000 | Epsilon: 0.80 | Avg Reward (Last 20): 0.45
Frame: 220000/1000000 | Epsilon: 0.80 | Avg Reward (Last 20): 0.30
Frame: 222000/1000000 | Epsilon: 0.80 | Avg Reward (Last 20): 0.25
Frame: 224000/1000000 | Epsilon: 0.80 | Avg Reward (Last 20): 0.20
Frame: 226000/1000000 | Epsilon: 0.80 | Avg Reward (Last 20): 0.25
Frame: 228000/1000000 | Epsilon: 0.79 | Avg Reward (Last 20): 0.25
Frame: 230000/1000000 | Epsilon: 0.79 | Avg Reward (Last 20): 0.20
Frame: 232000/1000000 | Epsilon: 0.79 | Avg Reward (Last 20): 0.30
Frame: 234000/1000000 | Epsilon: 0.79 | Avg Reward (Last 20): 0.35
Frame: 236000/1000000 | Epsilon: 0.79 | Avg Reward (Last 20): 0.10
Frame: 238000/1000000 | Epsilon: 0.79 | Avg Reward (Last 20): 0.25
Frame: 240000/1000000 | Epsilon: 0.78 | Avg Reward (Last 20): 0.10
Frame: 242000/1000000 | Epsilon: 0.78 | Avg Reward (Last 20): 0.10
Frame: 244000/1000000 | Epsilon: 0.78 | Avg Reward (Last 20): 0.25
Frame: 246000/1000000 | Epsilon: 0.78 | Avg Reward (Last 20): 0.30
Frame: 248000/1000000 | Epsilon: 0.78 | Avg Reward (Last 20): 0.20
Frame: 250000/1000000 | Epsilon: 0.78 | Avg Reward (Last 20): 0.40
Frame: 252000/1000000 | Epsilon: 0.77 | Avg Reward (Last 20): 0.35
Frame: 254000/1000000 | Epsilon: 0.77 | Avg Reward (Last 20): 0.25
Frame: 256000/1000000 | Epsilon: 0.77 | Avg Reward (Last 20): 0.05
Frame: 258000/1000000 | Epsilon: 0.77 | Avg Reward (Last 20): 0.20
Frame: 260000/1000000 | Epsilon: 0.77 | Avg Reward (Last 20): 0.35
Frame: 262000/1000000 | Epsilon: 0.76 | Avg Reward (Last 20): 0.35
Frame: 264000/1000000 | Epsilon: 0.76 | Avg Reward (Last 20): 0.40
Frame: 266000/1000000 | Epsilon: 0.76 | Avg Reward (Last 20): 0.25
Frame: 268000/1000000 | Epsilon: 0.76 | Avg Reward (Last 20): 0.30
Frame: 270000/1000000 | Epsilon: 0.76 | Avg Reward (Last 20): 0.45
Frame: 272000/1000000 | Epsilon: 0.76 | Avg Reward (Last 20): 0.45
Frame: 274000/1000000 | Epsilon: 0.75 | Avg Reward (Last 20): 0.45
Frame: 276000/1000000 | Epsilon: 0.75 | Avg Reward (Last 20): 0.35
Frame: 278000/1000000 | Epsilon: 0.75 | Avg Reward (Last 20): 0.40
Frame: 280000/1000000 | Epsilon: 0.75 | Avg Reward (Last 20): 0.20
Frame: 282000/1000000 | Epsilon: 0.75 | Avg Reward (Last 20): 0.45
Frame: 284000/1000000 | Epsilon: 0.74 | Avg Reward (Last 20): 0.30
Frame: 286000/1000000 | Epsilon: 0.74 | Avg Reward (Last 20): 0.10
Frame: 288000/1000000 | Epsilon: 0.74 | Avg Reward (Last 20): 0.20
Frame: 290000/1000000 | Epsilon: 0.74 | Avg Reward (Last 20): 0.15
Frame: 292000/1000000 | Epsilon: 0.74 | Avg Reward (Last 20): 0.60
Frame: 294000/1000000 | Epsilon: 0.74 | Avg Reward (Last 20): 0.45
Frame: 296000/1000000 | Epsilon: 0.73 | Avg Reward (Last 20): 0.10
Frame: 298000/1000000 | Epsilon: 0.73 | Avg Reward (Last 20): 0.25
Frame: 300000/1000000 | Epsilon: 0.73 | Avg Reward (Last 20): 0.10
Frame: 302000/1000000 | Epsilon: 0.73 | Avg Reward (Last 20): 0.25
Frame: 304000/1000000 | Epsilon: 0.73 | Avg Reward (Last 20): 0.25
Frame: 306000/1000000 | Epsilon: 0.72 | Avg Reward (Last 20): 0.20
Frame: 308000/1000000 | Epsilon: 0.72 | Avg Reward (Last 20): 0.35
Frame: 310000/1000000 | Epsilon: 0.72 | Avg Reward (Last 20): 0.40
Frame: 312000/1000000 | Epsilon: 0.72 | Avg Reward (Last 20): 0.40
Frame: 314000/1000000 | Epsilon: 0.72 | Avg Reward (Last 20): 0.20
Frame: 316000/1000000 | Epsilon: 0.72 | Avg Reward (Last 20): 0.15
Frame: 318000/1000000 | Epsilon: 0.71 | Avg Reward (Last 20): 0.30
Frame: 320000/1000000 | Epsilon: 0.71 | Avg Reward (Last 20): 0.15
Frame: 322000/1000000 | Epsilon: 0.71 | Avg Reward (Last 20): 0.30
Frame: 324000/1000000 | Epsilon: 0.71 | Avg Reward (Last 20): 0.25
Frame: 326000/1000000 | Epsilon: 0.71 | Avg Reward (Last 20): 0.05
Frame: 328000/1000000 | Epsilon: 0.70 | Avg Reward (Last 20): 0.10
Frame: 330000/1000000 | Epsilon: 0.70 | Avg Reward (Last 20): 0.20
Frame: 332000/1000000 | Epsilon: 0.70 | Avg Reward (Last 20): 0.25
Frame: 334000/1000000 | Epsilon: 0.70 | Avg Reward (Last 20): 0.25
Frame: 336000/1000000 | Epsilon: 0.70 | Avg Reward (Last 20): 0.55
Frame: 338000/1000000 | Epsilon: 0.70 | Avg Reward (Last 20): 0.55
Frame: 340000/1000000 | Epsilon: 0.69 | Avg Reward (Last 20): 0.25
Frame: 342000/1000000 | Epsilon: 0.69 | Avg Reward (Last 20): 0.35
Frame: 344000/1000000 | Epsilon: 0.69 | Avg Reward (Last 20): 0.40
Frame: 346000/1000000 | Epsilon: 0.69 | Avg Reward (Last 20): 0.25
Frame: 348000/1000000 | Epsilon: 0.69 | Avg Reward (Last 20): 0.25
Frame: 350000/1000000 | Epsilon: 0.69 | Avg Reward (Last 20): 0.20
Frame: 352000/1000000 | Epsilon: 0.68 | Avg Reward (Last 20): 0.35
Frame: 354000/1000000 | Epsilon: 0.68 | Avg Reward (Last 20): 0.45
Frame: 356000/1000000 | Epsilon: 0.68 | Avg Reward (Last 20): 0.25
Frame: 358000/1000000 | Epsilon: 0.68 | Avg Reward (Last 20): 0.15
Frame: 360000/1000000 | Epsilon: 0.68 | Avg Reward (Last 20): 0.20
Frame: 362000/1000000 | Epsilon: 0.67 | Avg Reward (Last 20): 0.45
Frame: 364000/1000000 | Epsilon: 0.67 | Avg Reward (Last 20): 0.25
Frame: 366000/1000000 | Epsilon: 0.67 | Avg Reward (Last 20): 0.10
Frame: 368000/1000000 | Epsilon: 0.67 | Avg Reward (Last 20): 0.35
Frame: 370000/1000000 | Epsilon: 0.67 | Avg Reward (Last 20): 0.20
Frame: 372000/1000000 | Epsilon: 0.67 | Avg Reward (Last 20): 0.10
Frame: 374000/1000000 | Epsilon: 0.66 | Avg Reward (Last 20): 0.25
Frame: 376000/1000000 | Epsilon: 0.66 | Avg Reward (Last 20): 0.15
Frame: 378000/1000000 | Epsilon: 0.66 | Avg Reward (Last 20): 0.40
Frame: 380000/1000000 | Epsilon: 0.66 | Avg Reward (Last 20): 0.30
Frame: 382000/1000000 | Epsilon: 0.66 | Avg Reward (Last 20): 0.15
Frame: 384000/1000000 | Epsilon: 0.65 | Avg Reward (Last 20): 0.25
Frame: 386000/1000000 | Epsilon: 0.65 | Avg Reward (Last 20): 0.40
Frame: 388000/1000000 | Epsilon: 0.65 | Avg Reward (Last 20): 0.30
Frame: 390000/1000000 | Epsilon: 0.65 | Avg Reward (Last 20): 0.15
Frame: 392000/1000000 | Epsilon: 0.65 | Avg Reward (Last 20): 0.25
Frame: 394000/1000000 | Epsilon: 0.65 | Avg Reward (Last 20): 0.20
Frame: 396000/1000000 | Epsilon: 0.64 | Avg Reward (Last 20): 0.05
Frame: 398000/1000000 | Epsilon: 0.64 | Avg Reward (Last 20): 0.05
Frame: 400000/1000000 | Epsilon: 0.64 | Avg Reward (Last 20): 0.50
Frame: 402000/1000000 | Epsilon: 0.64 | Avg Reward (Last 20): 0.20
Frame: 404000/1000000 | Epsilon: 0.64 | Avg Reward (Last 20): 0.05
Frame: 406000/1000000 | Epsilon: 0.63 | Avg Reward (Last 20): 0.35
Frame: 408000/1000000 | Epsilon: 0.63 | Avg Reward (Last 20): 0.25
Frame: 410000/1000000 | Epsilon: 0.63 | Avg Reward (Last 20): 0.25
Frame: 412000/1000000 | Epsilon: 0.63 | Avg Reward (Last 20): 0.35
Frame: 414000/1000000 | Epsilon: 0.63 | Avg Reward (Last 20): 0.30
Frame: 416000/1000000 | Epsilon: 0.63 | Avg Reward (Last 20): 0.00
Frame: 418000/1000000 | Epsilon: 0.62 | Avg Reward (Last 20): 0.25
Frame: 420000/1000000 | Epsilon: 0.62 | Avg Reward (Last 20): 0.15
Frame: 422000/1000000 | Epsilon: 0.62 | Avg Reward (Last 20): 0.45
Frame: 424000/1000000 | Epsilon: 0.62 | Avg Reward (Last 20): 0.15
Frame: 426000/1000000 | Epsilon: 0.62 | Avg Reward (Last 20): 0.50
Frame: 428000/1000000 | Epsilon: 0.61 | Avg Reward (Last 20): 0.25
Frame: 430000/1000000 | Epsilon: 0.61 | Avg Reward (Last 20): 0.25
Frame: 432000/1000000 | Epsilon: 0.61 | Avg Reward (Last 20): 0.05
Frame: 434000/1000000 | Epsilon: 0.61 | Avg Reward (Last 20): 0.40
Frame: 436000/1000000 | Epsilon: 0.61 | Avg Reward (Last 20): 0.55
Frame: 438000/1000000 | Epsilon: 0.61 | Avg Reward (Last 20): 0.10
Frame: 440000/1000000 | Epsilon: 0.60 | Avg Reward (Last 20): 0.15
Frame: 442000/1000000 | Epsilon: 0.60 | Avg Reward (Last 20): 0.20
Frame: 444000/1000000 | Epsilon: 0.60 | Avg Reward (Last 20): 0.30
Frame: 446000/1000000 | Epsilon: 0.60 | Avg Reward (Last 20): 0.15
Frame: 448000/1000000 | Epsilon: 0.60 | Avg Reward (Last 20): 0.05
Frame: 450000/1000000 | Epsilon: 0.59 | Avg Reward (Last 20): 0.35
Frame: 452000/1000000 | Epsilon: 0.59 | Avg Reward (Last 20): 0.40
Frame: 454000/1000000 | Epsilon: 0.59 | Avg Reward (Last 20): 0.35
Frame: 456000/1000000 | Epsilon: 0.59 | Avg Reward (Last 20): 0.30
Frame: 458000/1000000 | Epsilon: 0.59 | Avg Reward (Last 20): 0.55
Frame: 460000/1000000 | Epsilon: 0.59 | Avg Reward (Last 20): 0.20
Frame: 462000/1000000 | Epsilon: 0.58 | Avg Reward (Last 20): 0.25
Frame: 464000/1000000 | Epsilon: 0.58 | Avg Reward (Last 20): 0.45
Frame: 466000/1000000 | Epsilon: 0.58 | Avg Reward (Last 20): 0.45
Frame: 468000/1000000 | Epsilon: 0.58 | Avg Reward (Last 20): 0.10
Frame: 470000/1000000 | Epsilon: 0.58 | Avg Reward (Last 20): 0.30
Frame: 472000/1000000 | Epsilon: 0.58 | Avg Reward (Last 20): 0.35
Frame: 474000/1000000 | Epsilon: 0.57 | Avg Reward (Last 20): 0.30
Frame: 476000/1000000 | Epsilon: 0.57 | Avg Reward (Last 20): 0.35
Frame: 478000/1000000 | Epsilon: 0.57 | Avg Reward (Last 20): 0.15
Frame: 480000/1000000 | Epsilon: 0.57 | Avg Reward (Last 20): 0.35
Frame: 482000/1000000 | Epsilon: 0.57 | Avg Reward (Last 20): 0.20
Frame: 484000/1000000 | Epsilon: 0.56 | Avg Reward (Last 20): 0.50
Frame: 486000/1000000 | Epsilon: 0.56 | Avg Reward (Last 20): 0.35
Frame: 488000/1000000 | Epsilon: 0.56 | Avg Reward (Last 20): 0.75
Frame: 490000/1000000 | Epsilon: 0.56 | Avg Reward (Last 20): 0.30
Frame: 492000/1000000 | Epsilon: 0.56 | Avg Reward (Last 20): 0.55
Frame: 494000/1000000 | Epsilon: 0.56 | Avg Reward (Last 20): 0.15
Frame: 496000/1000000 | Epsilon: 0.55 | Avg Reward (Last 20): 0.20
Frame: 498000/1000000 | Epsilon: 0.55 | Avg Reward (Last 20): 0.35
Frame: 500000/1000000 | Epsilon: 0.55 | Avg Reward (Last 20): 0.30
Frame: 502000/1000000 | Epsilon: 0.55 | Avg Reward (Last 20): 0.30
Frame: 504000/1000000 | Epsilon: 0.55 | Avg Reward (Last 20): 0.40
Frame: 506000/1000000 | Epsilon: 0.54 | Avg Reward (Last 20): 0.30
Frame: 508000/1000000 | Epsilon: 0.54 | Avg Reward (Last 20): 0.40
Frame: 510000/1000000 | Epsilon: 0.54 | Avg Reward (Last 20): 0.50
Frame: 512000/1000000 | Epsilon: 0.54 | Avg Reward (Last 20): 0.15
Frame: 514000/1000000 | Epsilon: 0.54 | Avg Reward (Last 20): 0.40
Frame: 516000/1000000 | Epsilon: 0.54 | Avg Reward (Last 20): 0.15
Frame: 518000/1000000 | Epsilon: 0.53 | Avg Reward (Last 20): 0.30
Frame: 520000/1000000 | Epsilon: 0.53 | Avg Reward (Last 20): 0.25
Frame: 522000/1000000 | Epsilon: 0.53 | Avg Reward (Last 20): 0.50
Frame: 524000/1000000 | Epsilon: 0.53 | Avg Reward (Last 20): 0.55
Frame: 526000/1000000 | Epsilon: 0.53 | Avg Reward (Last 20): 0.30
Frame: 528000/1000000 | Epsilon: 0.52 | Avg Reward (Last 20): 0.20
Frame: 530000/1000000 | Epsilon: 0.52 | Avg Reward (Last 20): 0.30
Frame: 532000/1000000 | Epsilon: 0.52 | Avg Reward (Last 20): 0.25
Frame: 534000/1000000 | Epsilon: 0.52 | Avg Reward (Last 20): 0.15
Frame: 536000/1000000 | Epsilon: 0.52 | Avg Reward (Last 20): 0.15
Frame: 538000/1000000 | Epsilon: 0.52 | Avg Reward (Last 20): 0.50
Frame: 540000/1000000 | Epsilon: 0.51 | Avg Reward (Last 20): 0.40
Frame: 542000/1000000 | Epsilon: 0.51 | Avg Reward (Last 20): 0.00
Frame: 544000/1000000 | Epsilon: 0.51 | Avg Reward (Last 20): 0.45
Frame: 546000/1000000 | Epsilon: 0.51 | Avg Reward (Last 20): 0.30
Frame: 548000/1000000 | Epsilon: 0.51 | Avg Reward (Last 20): 0.20
Frame: 550000/1000000 | Epsilon: 0.50 | Avg Reward (Last 20): 0.20
Frame: 552000/1000000 | Epsilon: 0.50 | Avg Reward (Last 20): 0.10
Frame: 554000/1000000 | Epsilon: 0.50 | Avg Reward (Last 20): 0.30
Frame: 556000/1000000 | Epsilon: 0.50 | Avg Reward (Last 20): 0.30
Frame: 558000/1000000 | Epsilon: 0.50 | Avg Reward (Last 20): 0.20
Frame: 560000/1000000 | Epsilon: 0.50 | Avg Reward (Last 20): 0.25
Frame: 562000/1000000 | Epsilon: 0.49 | Avg Reward (Last 20): 0.30
Frame: 564000/1000000 | Epsilon: 0.49 | Avg Reward (Last 20): 0.50
Frame: 566000/1000000 | Epsilon: 0.49 | Avg Reward (Last 20): 0.40
Frame: 568000/1000000 | Epsilon: 0.49 | Avg Reward (Last 20): 0.15
Frame: 570000/1000000 | Epsilon: 0.49 | Avg Reward (Last 20): 0.10
Frame: 572000/1000000 | Epsilon: 0.49 | Avg Reward (Last 20): 0.15
Frame: 574000/1000000 | Epsilon: 0.48 | Avg Reward (Last 20): 0.25
Frame: 576000/1000000 | Epsilon: 0.48 | Avg Reward (Last 20): 0.25
Frame: 578000/1000000 | Epsilon: 0.48 | Avg Reward (Last 20): 0.30
Frame: 580000/1000000 | Epsilon: 0.48 | Avg Reward (Last 20): 0.15
Frame: 582000/1000000 | Epsilon: 0.48 | Avg Reward (Last 20): 0.30
Frame: 584000/1000000 | Epsilon: 0.47 | Avg Reward (Last 20): 0.35
Frame: 586000/1000000 | Epsilon: 0.47 | Avg Reward (Last 20): 0.20
Frame: 588000/1000000 | Epsilon: 0.47 | Avg Reward (Last 20): 0.50
Frame: 590000/1000000 | Epsilon: 0.47 | Avg Reward (Last 20): 0.35
Frame: 592000/1000000 | Epsilon: 0.47 | Avg Reward (Last 20): 0.15
Frame: 594000/1000000 | Epsilon: 0.47 | Avg Reward (Last 20): 0.10
Frame: 596000/1000000 | Epsilon: 0.46 | Avg Reward (Last 20): 0.25
Frame: 598000/1000000 | Epsilon: 0.46 | Avg Reward (Last 20): 0.35
Frame: 600000/1000000 | Epsilon: 0.46 | Avg Reward (Last 20): 0.15
Frame: 602000/1000000 | Epsilon: 0.46 | Avg Reward (Last 20): 0.20
Frame: 604000/1000000 | Epsilon: 0.46 | Avg Reward (Last 20): 0.30
Frame: 606000/1000000 | Epsilon: 0.45 | Avg Reward (Last 20): 0.30
Frame: 608000/1000000 | Epsilon: 0.45 | Avg Reward (Last 20): 0.20
Frame: 610000/1000000 | Epsilon: 0.45 | Avg Reward (Last 20): 0.25
Frame: 612000/1000000 | Epsilon: 0.45 | Avg Reward (Last 20): 0.25
Frame: 614000/1000000 | Epsilon: 0.45 | Avg Reward (Last 20): 0.45
Frame: 616000/1000000 | Epsilon: 0.45 | Avg Reward (Last 20): 0.25
Frame: 618000/1000000 | Epsilon: 0.44 | Avg Reward (Last 20): 0.15
Frame: 620000/1000000 | Epsilon: 0.44 | Avg Reward (Last 20): 0.20
Frame: 622000/1000000 | Epsilon: 0.44 | Avg Reward (Last 20): 0.20
Frame: 624000/1000000 | Epsilon: 0.44 | Avg Reward (Last 20): 0.15
Frame: 626000/1000000 | Epsilon: 0.44 | Avg Reward (Last 20): 0.25
Frame: 628000/1000000 | Epsilon: 0.43 | Avg Reward (Last 20): 0.35
Frame: 630000/1000000 | Epsilon: 0.43 | Avg Reward (Last 20): 0.05
Frame: 632000/1000000 | Epsilon: 0.43 | Avg Reward (Last 20): 0.10
Frame: 634000/1000000 | Epsilon: 0.43 | Avg Reward (Last 20): 0.25
Frame: 636000/1000000 | Epsilon: 0.43 | Avg Reward (Last 20): 0.20
Frame: 638000/1000000 | Epsilon: 0.43 | Avg Reward (Last 20): 0.50
Frame: 640000/1000000 | Epsilon: 0.42 | Avg Reward (Last 20): 0.35
Frame: 642000/1000000 | Epsilon: 0.42 | Avg Reward (Last 20): 0.25
Frame: 644000/1000000 | Epsilon: 0.42 | Avg Reward (Last 20): 0.45
Frame: 646000/1000000 | Epsilon: 0.42 | Avg Reward (Last 20): 0.05
Frame: 648000/1000000 | Epsilon: 0.42 | Avg Reward (Last 20): 0.35
Frame: 650000/1000000 | Epsilon: 0.41 | Avg Reward (Last 20): 0.25
Frame: 652000/1000000 | Epsilon: 0.41 | Avg Reward (Last 20): 0.20
Frame: 654000/1000000 | Epsilon: 0.41 | Avg Reward (Last 20): 0.40
Frame: 656000/1000000 | Epsilon: 0.41 | Avg Reward (Last 20): 0.25
Frame: 658000/1000000 | Epsilon: 0.41 | Avg Reward (Last 20): 0.55
Frame: 660000/1000000 | Epsilon: 0.41 | Avg Reward (Last 20): 0.15
Frame: 662000/1000000 | Epsilon: 0.40 | Avg Reward (Last 20): 0.20
Frame: 664000/1000000 | Epsilon: 0.40 | Avg Reward (Last 20): 0.15
Frame: 666000/1000000 | Epsilon: 0.40 | Avg Reward (Last 20): 0.10
Frame: 668000/1000000 | Epsilon: 0.40 | Avg Reward (Last 20): 0.15
Frame: 670000/1000000 | Epsilon: 0.40 | Avg Reward (Last 20): 0.15
Frame: 672000/1000000 | Epsilon: 0.40 | Avg Reward (Last 20): 0.30
Frame: 674000/1000000 | Epsilon: 0.39 | Avg Reward (Last 20): 0.40
Frame: 676000/1000000 | Epsilon: 0.39 | Avg Reward (Last 20): 0.10
Frame: 678000/1000000 | Epsilon: 0.39 | Avg Reward (Last 20): 0.20
Frame: 680000/1000000 | Epsilon: 0.39 | Avg Reward (Last 20): 0.10
Frame: 682000/1000000 | Epsilon: 0.39 | Avg Reward (Last 20): 0.15
Frame: 684000/1000000 | Epsilon: 0.38 | Avg Reward (Last 20): 0.15
Frame: 686000/1000000 | Epsilon: 0.38 | Avg Reward (Last 20): 0.25
Frame: 688000/1000000 | Epsilon: 0.38 | Avg Reward (Last 20): 0.40
Frame: 690000/1000000 | Epsilon: 0.38 | Avg Reward (Last 20): 0.30
Frame: 692000/1000000 | Epsilon: 0.38 | Avg Reward (Last 20): 0.10
Frame: 694000/1000000 | Epsilon: 0.38 | Avg Reward (Last 20): 0.30
Frame: 696000/1000000 | Epsilon: 0.37 | Avg Reward (Last 20): 0.45
Frame: 698000/1000000 | Epsilon: 0.37 | Avg Reward (Last 20): 0.10
Frame: 700000/1000000 | Epsilon: 0.37 | Avg Reward (Last 20): 0.30
Frame: 702000/1000000 | Epsilon: 0.37 | Avg Reward (Last 20): 0.20
Frame: 704000/1000000 | Epsilon: 0.37 | Avg Reward (Last 20): 0.15
Frame: 706000/1000000 | Epsilon: 0.36 | Avg Reward (Last 20): 0.35
Frame: 708000/1000000 | Epsilon: 0.36 | Avg Reward (Last 20): 0.40
Frame: 710000/1000000 | Epsilon: 0.36 | Avg Reward (Last 20): 0.30
Frame: 712000/1000000 | Epsilon: 0.36 | Avg Reward (Last 20): 0.15
Frame: 714000/1000000 | Epsilon: 0.36 | Avg Reward (Last 20): 0.20
Frame: 716000/1000000 | Epsilon: 0.36 | Avg Reward (Last 20): 0.35
Frame: 718000/1000000 | Epsilon: 0.35 | Avg Reward (Last 20): 0.20
Frame: 720000/1000000 | Epsilon: 0.35 | Avg Reward (Last 20): 0.20
Frame: 722000/1000000 | Epsilon: 0.35 | Avg Reward (Last 20): 0.15
Frame: 724000/1000000 | Epsilon: 0.35 | Avg Reward (Last 20): 0.15
Frame: 726000/1000000 | Epsilon: 0.35 | Avg Reward (Last 20): 0.10
Frame: 728000/1000000 | Epsilon: 0.34 | Avg Reward (Last 20): 0.25
Frame: 730000/1000000 | Epsilon: 0.34 | Avg Reward (Last 20): 0.15
Frame: 732000/1000000 | Epsilon: 0.34 | Avg Reward (Last 20): 0.10
Frame: 734000/1000000 | Epsilon: 0.34 | Avg Reward (Last 20): 0.25
Frame: 736000/1000000 | Epsilon: 0.34 | Avg Reward (Last 20): 0.25
Frame: 738000/1000000 | Epsilon: 0.34 | Avg Reward (Last 20): 0.20
Frame: 740000/1000000 | Epsilon: 0.33 | Avg Reward (Last 20): 0.40
Frame: 742000/1000000 | Epsilon: 0.33 | Avg Reward (Last 20): 0.30
Frame: 744000/1000000 | Epsilon: 0.33 | Avg Reward (Last 20): 0.30
Frame: 746000/1000000 | Epsilon: 0.33 | Avg Reward (Last 20): 0.25
Frame: 748000/1000000 | Epsilon: 0.33 | Avg Reward (Last 20): 0.05
Frame: 750000/1000000 | Epsilon: 0.32 | Avg Reward (Last 20): 0.20
Frame: 752000/1000000 | Epsilon: 0.32 | Avg Reward (Last 20): 0.65
Frame: 754000/1000000 | Epsilon: 0.32 | Avg Reward (Last 20): 0.20
Frame: 756000/1000000 | Epsilon: 0.32 | Avg Reward (Last 20): 0.15
Frame: 758000/1000000 | Epsilon: 0.32 | Avg Reward (Last 20): 0.20
Frame: 760000/1000000 | Epsilon: 0.32 | Avg Reward (Last 20): 0.20
Frame: 762000/1000000 | Epsilon: 0.31 | Avg Reward (Last 20): 0.25
Frame: 764000/1000000 | Epsilon: 0.31 | Avg Reward (Last 20): 0.15
Frame: 766000/1000000 | Epsilon: 0.31 | Avg Reward (Last 20): 0.00
Frame: 768000/1000000 | Epsilon: 0.31 | Avg Reward (Last 20): 0.35
Frame: 770000/1000000 | Epsilon: 0.31 | Avg Reward (Last 20): 0.00
Frame: 772000/1000000 | Epsilon: 0.31 | Avg Reward (Last 20): 0.10
Frame: 774000/1000000 | Epsilon: 0.30 | Avg Reward (Last 20): 0.15
Frame: 776000/1000000 | Epsilon: 0.30 | Avg Reward (Last 20): 0.45
Frame: 778000/1000000 | Epsilon: 0.30 | Avg Reward (Last 20): 0.30
Frame: 780000/1000000 | Epsilon: 0.30 | Avg Reward (Last 20): 0.45
Frame: 782000/1000000 | Epsilon: 0.30 | Avg Reward (Last 20): 0.30
Frame: 784000/1000000 | Epsilon: 0.29 | Avg Reward (Last 20): 0.20
Frame: 786000/1000000 | Epsilon: 0.29 | Avg Reward (Last 20): 0.40
Frame: 788000/1000000 | Epsilon: 0.29 | Avg Reward (Last 20): 0.15
Frame: 790000/1000000 | Epsilon: 0.29 | Avg Reward (Last 20): 0.30
Frame: 792000/1000000 | Epsilon: 0.29 | Avg Reward (Last 20): 0.15
Frame: 794000/1000000 | Epsilon: 0.29 | Avg Reward (Last 20): 0.15
Frame: 796000/1000000 | Epsilon: 0.28 | Avg Reward (Last 20): 0.25
Frame: 798000/1000000 | Epsilon: 0.28 | Avg Reward (Last 20): 0.05
Frame: 800000/1000000 | Epsilon: 0.28 | Avg Reward (Last 20): 0.45
Frame: 802000/1000000 | Epsilon: 0.28 | Avg Reward (Last 20): 0.50
Frame: 804000/1000000 | Epsilon: 0.28 | Avg Reward (Last 20): 0.15
Frame: 806000/1000000 | Epsilon: 0.27 | Avg Reward (Last 20): 0.45
Frame: 808000/1000000 | Epsilon: 0.27 | Avg Reward (Last 20): 0.30
Frame: 810000/1000000 | Epsilon: 0.27 | Avg Reward (Last 20): 0.30
Frame: 812000/1000000 | Epsilon: 0.27 | Avg Reward (Last 20): 0.35
Frame: 814000/1000000 | Epsilon: 0.27 | Avg Reward (Last 20): 0.05
Frame: 816000/1000000 | Epsilon: 0.27 | Avg Reward (Last 20): 0.20
Frame: 818000/1000000 | Epsilon: 0.26 | Avg Reward (Last 20): 0.60
Frame: 820000/1000000 | Epsilon: 0.26 | Avg Reward (Last 20): 0.45
Frame: 822000/1000000 | Epsilon: 0.26 | Avg Reward (Last 20): 0.35
Frame: 824000/1000000 | Epsilon: 0.26 | Avg Reward (Last 20): 0.25
Frame: 826000/1000000 | Epsilon: 0.26 | Avg Reward (Last 20): 0.40
Frame: 828000/1000000 | Epsilon: 0.25 | Avg Reward (Last 20): 0.45
Frame: 830000/1000000 | Epsilon: 0.25 | Avg Reward (Last 20): 0.20
Frame: 832000/1000000 | Epsilon: 0.25 | Avg Reward (Last 20): 0.40
Frame: 834000/1000000 | Epsilon: 0.25 | Avg Reward (Last 20): 0.15
Frame: 836000/1000000 | Epsilon: 0.25 | Avg Reward (Last 20): 0.25
Frame: 838000/1000000 | Epsilon: 0.25 | Avg Reward (Last 20): 0.30
Frame: 840000/1000000 | Epsilon: 0.24 | Avg Reward (Last 20): 0.65
Frame: 842000/1000000 | Epsilon: 0.24 | Avg Reward (Last 20): 0.05
Frame: 844000/1000000 | Epsilon: 0.24 | Avg Reward (Last 20): 0.30
Frame: 846000/1000000 | Epsilon: 0.24 | Avg Reward (Last 20): 0.25
Frame: 848000/1000000 | Epsilon: 0.24 | Avg Reward (Last 20): 0.20
Frame: 850000/1000000 | Epsilon: 0.23 | Avg Reward (Last 20): 0.55
Frame: 852000/1000000 | Epsilon: 0.23 | Avg Reward (Last 20): 0.15
Frame: 854000/1000000 | Epsilon: 0.23 | Avg Reward (Last 20): 0.40
Frame: 856000/1000000 | Epsilon: 0.23 | Avg Reward (Last 20): 0.65
Frame: 858000/1000000 | Epsilon: 0.23 | Avg Reward (Last 20): 0.15
Frame: 860000/1000000 | Epsilon: 0.23 | Avg Reward (Last 20): 0.20
Frame: 862000/1000000 | Epsilon: 0.22 | Avg Reward (Last 20): 0.45
Frame: 864000/1000000 | Epsilon: 0.22 | Avg Reward (Last 20): 0.45
Frame: 866000/1000000 | Epsilon: 0.22 | Avg Reward (Last 20): 0.30
Frame: 868000/1000000 | Epsilon: 0.22 | Avg Reward (Last 20): 0.15
Frame: 870000/1000000 | Epsilon: 0.22 | Avg Reward (Last 20): 0.30
Frame: 872000/1000000 | Epsilon: 0.22 | Avg Reward (Last 20): 0.25
Frame: 874000/1000000 | Epsilon: 0.21 | Avg Reward (Last 20): 0.65
Frame: 876000/1000000 | Epsilon: 0.21 | Avg Reward (Last 20): 0.25
Frame: 878000/1000000 | Epsilon: 0.21 | Avg Reward (Last 20): 0.10
Frame: 880000/1000000 | Epsilon: 0.21 | Avg Reward (Last 20): 0.35
Frame: 882000/1000000 | Epsilon: 0.21 | Avg Reward (Last 20): 0.00
Frame: 884000/1000000 | Epsilon: 0.20 | Avg Reward (Last 20): 0.20
Frame: 886000/1000000 | Epsilon: 0.20 | Avg Reward (Last 20): 0.10
Frame: 888000/1000000 | Epsilon: 0.20 | Avg Reward (Last 20): 0.35
Frame: 890000/1000000 | Epsilon: 0.20 | Avg Reward (Last 20): 0.20
Frame: 892000/1000000 | Epsilon: 0.20 | Avg Reward (Last 20): 0.10
Frame: 894000/1000000 | Epsilon: 0.20 | Avg Reward (Last 20): 0.55
Frame: 896000/1000000 | Epsilon: 0.19 | Avg Reward (Last 20): 0.75
Frame: 898000/1000000 | Epsilon: 0.19 | Avg Reward (Last 20): 0.55
Frame: 900000/1000000 | Epsilon: 0.19 | Avg Reward (Last 20): 0.30
Frame: 902000/1000000 | Epsilon: 0.19 | Avg Reward (Last 20): 0.45
Frame: 904000/1000000 | Epsilon: 0.19 | Avg Reward (Last 20): 0.55
Frame: 906000/1000000 | Epsilon: 0.18 | Avg Reward (Last 20): 0.50
Frame: 908000/1000000 | Epsilon: 0.18 | Avg Reward (Last 20): 0.25
Frame: 910000/1000000 | Epsilon: 0.18 | Avg Reward (Last 20): 0.80
Frame: 912000/1000000 | Epsilon: 0.18 | Avg Reward (Last 20): 0.40
Frame: 914000/1000000 | Epsilon: 0.18 | Avg Reward (Last 20): 0.35
Frame: 916000/1000000 | Epsilon: 0.18 | Avg Reward (Last 20): 0.20
Frame: 918000/1000000 | Epsilon: 0.17 | Avg Reward (Last 20): 0.60
Frame: 920000/1000000 | Epsilon: 0.17 | Avg Reward (Last 20): 0.45
Frame: 922000/1000000 | Epsilon: 0.17 | Avg Reward (Last 20): 0.45
Frame: 924000/1000000 | Epsilon: 0.17 | Avg Reward (Last 20): 0.35
Frame: 926000/1000000 | Epsilon: 0.17 | Avg Reward (Last 20): 0.40
Frame: 928000/1000000 | Epsilon: 0.16 | Avg Reward (Last 20): 0.40
Frame: 930000/1000000 | Epsilon: 0.16 | Avg Reward (Last 20): 0.25
Frame: 932000/1000000 | Epsilon: 0.16 | Avg Reward (Last 20): 0.30
Frame: 934000/1000000 | Epsilon: 0.16 | Avg Reward (Last 20): 0.15
Frame: 936000/1000000 | Epsilon: 0.16 | Avg Reward (Last 20): 0.25
Frame: 938000/1000000 | Epsilon: 0.16 | Avg Reward (Last 20): 0.15
Frame: 940000/1000000 | Epsilon: 0.15 | Avg Reward (Last 20): 0.25
Frame: 942000/1000000 | Epsilon: 0.15 | Avg Reward (Last 20): 0.30
Frame: 944000/1000000 | Epsilon: 0.15 | Avg Reward (Last 20): 0.50
Frame: 946000/1000000 | Epsilon: 0.15 | Avg Reward (Last 20): 0.35
Frame: 948000/1000000 | Epsilon: 0.15 | Avg Reward (Last 20): 0.15
Frame: 950000/1000000 | Epsilon: 0.15 | Avg Reward (Last 20): 0.30
Frame: 952000/1000000 | Epsilon: 0.14 | Avg Reward (Last 20): 0.40
Frame: 954000/1000000 | Epsilon: 0.14 | Avg Reward (Last 20): 0.50
Frame: 956000/1000000 | Epsilon: 0.14 | Avg Reward (Last 20): 0.25
Frame: 958000/1000000 | Epsilon: 0.14 | Avg Reward (Last 20): 0.35
Frame: 960000/1000000 | Epsilon: 0.14 | Avg Reward (Last 20): 0.60
Frame: 962000/1000000 | Epsilon: 0.13 | Avg Reward (Last 20): 0.25
Frame: 964000/1000000 | Epsilon: 0.13 | Avg Reward (Last 20): 0.30
Frame: 966000/1000000 | Epsilon: 0.13 | Avg Reward (Last 20): 0.25
Frame: 968000/1000000 | Epsilon: 0.13 | Avg Reward (Last 20): 0.45
Frame: 970000/1000000 | Epsilon: 0.13 | Avg Reward (Last 20): 0.65
Frame: 972000/1000000 | Epsilon: 0.13 | Avg Reward (Last 20): 0.60
Frame: 974000/1000000 | Epsilon: 0.12 | Avg Reward (Last 20): 0.55
Frame: 976000/1000000 | Epsilon: 0.12 | Avg Reward (Last 20): 0.40
Frame: 978000/1000000 | Epsilon: 0.12 | Avg Reward (Last 20): 0.40
Frame: 980000/1000000 | Epsilon: 0.12 | Avg Reward (Last 20): 0.65
Frame: 982000/1000000 | Epsilon: 0.12 | Avg Reward (Last 20): 0.40
Frame: 984000/1000000 | Epsilon: 0.11 | Avg Reward (Last 20): 0.45
Frame: 986000/1000000 | Epsilon: 0.11 | Avg Reward (Last 20): 0.30
Frame: 988000/1000000 | Epsilon: 0.11 | Avg Reward (Last 20): 0.70
Frame: 990000/1000000 | Epsilon: 0.11 | Avg Reward (Last 20): 0.65
Frame: 992000/1000000 | Epsilon: 0.11 | Avg Reward (Last 20): 0.35
Frame: 994000/1000000 | Epsilon: 0.11 | Avg Reward (Last 20): 0.20
Frame: 996000/1000000 | Epsilon: 0.10 | Avg Reward (Last 20): 0.65
Frame: 998000/1000000 | Epsilon: 0.10 | Avg Reward (Last 20): 0.25
Frame: 1000000/1000000 | Epsilon: 0.10 | Avg Reward (Last 20): 0.40
Model saved to /home/administrator/FYP/RL-baselines/results/ddqn/run_20260501_142439/model.pth
Training curve saved as '/home/administrator/FYP/RL-baselines/results/ddqn/run_20260501_142439/training_curve.png'
Evaluating agent and saving video to /home/administrator/FYP/RL-baselines/results/ddqn/run_20260501_142439/breakout_ddqn_agent.gif...
Evaluation finished. Total Reward: 0.0
Saved successfully!
