Using device: cuda
Saving all results to: /home/administrator/FYP/RL-baselines/results/actor_critic_continuous/run_20260501_112941
Starting Continuous Actor-Critic training on Pendulum-v1...
Episode 50/100000 | Average Reward (last 50): -1491.84
Episode 100/100000 | Average Reward (last 50): -1494.96
Episode 150/100000 | Average Reward (last 50): -1442.67
Episode 200/100000 | Average Reward (last 50): -1458.59
Episode 250/100000 | Average Reward (last 50): -1497.76
Episode 300/100000 | Average Reward (last 50): -1475.57
Episode 350/100000 | Average Reward (last 50): -1475.00
Episode 400/100000 | Average Reward (last 50): -1463.47
Episode 450/100000 | Average Reward (last 50): -1458.03
Episode 500/100000 | Average Reward (last 50): -1278.86
Episode 550/100000 | Average Reward (last 50): -1324.89
Episode 600/100000 | Average Reward (last 50): -1350.99
Episode 650/100000 | Average Reward (last 50): -1422.23
Episode 700/100000 | Average Reward (last 50): -1347.28
Episode 750/100000 | Average Reward (last 50): -1363.30
Episode 800/100000 | Average Reward (last 50): -1273.58
Episode 850/100000 | Average Reward (last 50): -1290.58
Episode 900/100000 | Average Reward (last 50): -1162.54
Episode 950/100000 | Average Reward (last 50): -1183.64
Episode 1000/100000 | Average Reward (last 50): -1328.94
Episode 1050/100000 | Average Reward (last 50): -1424.35
Episode 1100/100000 | Average Reward (last 50): -1434.07
Episode 1150/100000 | Average Reward (last 50): -1434.73
Episode 1200/100000 | Average Reward (last 50): -1447.13
Episode 1250/100000 | Average Reward (last 50): -1452.70
Episode 1300/100000 | Average Reward (last 50): -1461.95
Episode 1350/100000 | Average Reward (last 50): -1463.10
Episode 1400/100000 | Average Reward (last 50): -1451.79
Episode 1450/100000 | Average Reward (last 50): -1469.85
Episode 1500/100000 | Average Reward (last 50): -1464.02
Episode 1550/100000 | Average Reward (last 50): -1455.56
Episode 1600/100000 | Average Reward (last 50): -1460.25
Episode 1650/100000 | Average Reward (last 50): -1470.61
Episode 1700/100000 | Average Reward (last 50): -1474.59
Episode 1750/100000 | Average Reward (last 50): -1455.00
Episode 1800/100000 | Average Reward (last 50): -1439.44
Episode 1850/100000 | Average Reward (last 50): -1462.27
Episode 1900/100000 | Average Reward (last 50): -1472.40
Episode 1950/100000 | Average Reward (last 50): -1463.30
Episode 2000/100000 | Average Reward (last 50): -1473.51
Episode 2050/100000 | Average Reward (last 50): -1459.49
Episode 2100/100000 | Average Reward (last 50): -1460.77
Episode 2150/100000 | Average Reward (last 50): -1473.02
Episode 2200/100000 | Average Reward (last 50): -1469.45
Episode 2250/100000 | Average Reward (last 50): -1452.50
Episode 2300/100000 | Average Reward (last 50): -1466.79
Episode 2350/100000 | Average Reward (last 50): -1456.88
Episode 2400/100000 | Average Reward (last 50): -1453.18
Episode 2450/100000 | Average Reward (last 50): -1427.39
Episode 2500/100000 | Average Reward (last 50): -1292.67
Episode 2550/100000 | Average Reward (last 50): -1385.90
Episode 2600/100000 | Average Reward (last 50): -1430.87
Episode 2650/100000 | Average Reward (last 50): -1410.20
Episode 2700/100000 | Average Reward (last 50): -1419.29
Episode 2750/100000 | Average Reward (last 50): -1456.88
Episode 2800/100000 | Average Reward (last 50): -1452.10
Episode 2850/100000 | Average Reward (last 50): -1449.93
Episode 2900/100000 | Average Reward (last 50): -1429.34
Episode 2950/100000 | Average Reward (last 50): -1400.94
Episode 3000/100000 | Average Reward (last 50): -1433.06
Episode 3050/100000 | Average Reward (last 50): -1460.56
Episode 3100/100000 | Average Reward (last 50): -1455.33
Episode 3150/100000 | Average Reward (last 50): -1441.08
Episode 3200/100000 | Average Reward (last 50): -1459.83
Episode 3250/100000 | Average Reward (last 50): -1438.93
Episode 3300/100000 | Average Reward (last 50): -1393.11
Episode 3350/100000 | Average Reward (last 50): -1378.81
Episode 3400/100000 | Average Reward (last 50): -1390.83
Episode 3450/100000 | Average Reward (last 50): -1348.73
Episode 3500/100000 | Average Reward (last 50): -1155.27
Episode 3550/100000 | Average Reward (last 50): -1311.74
Episode 3600/100000 | Average Reward (last 50): -1323.99
Episode 3650/100000 | Average Reward (last 50): -1276.32
Episode 3700/100000 | Average Reward (last 50): -1315.30
Episode 3750/100000 | Average Reward (last 50): -1301.71
Episode 3800/100000 | Average Reward (last 50): -1250.81
Episode 3850/100000 | Average Reward (last 50): -1245.97
Episode 3900/100000 | Average Reward (last 50): -1257.50
Episode 3950/100000 | Average Reward (last 50): -1244.36
Episode 4000/100000 | Average Reward (last 50): -1388.43
Episode 4050/100000 | Average Reward (last 50): -1430.48
Episode 4100/100000 | Average Reward (last 50): -1411.76
Episode 4150/100000 | Average Reward (last 50): -1418.97
Episode 4200/100000 | Average Reward (last 50): -1399.05
Episode 4250/100000 | Average Reward (last 50): -1295.76
Episode 4300/100000 | Average Reward (last 50): -1288.17
Episode 4350/100000 | Average Reward (last 50): -1325.70
Episode 4400/100000 | Average Reward (last 50): -1328.69
Episode 4450/100000 | Average Reward (last 50): -1210.18
Episode 4500/100000 | Average Reward (last 50): -1281.17
Episode 4550/100000 | Average Reward (last 50): -1357.43
Episode 4600/100000 | Average Reward (last 50): -1334.00
Episode 4650/100000 | Average Reward (last 50): -1197.98
Episode 4700/100000 | Average Reward (last 50): -1325.56
Episode 4750/100000 | Average Reward (last 50): -1347.13
Episode 4800/100000 | Average Reward (last 50): -1423.53
Episode 4850/100000 | Average Reward (last 50): -1438.85
Episode 4900/100000 | Average Reward (last 50): -1424.79
Episode 4950/100000 | Average Reward (last 50): -1398.27
Episode 5000/100000 | Average Reward (last 50): -1423.90
Episode 5050/100000 | Average Reward (last 50): -1448.50
Episode 5100/100000 | Average Reward (last 50): -1445.35
Episode 5150/100000 | Average Reward (last 50): -1416.13
Episode 5200/100000 | Average Reward (last 50): -1356.17
Episode 5250/100000 | Average Reward (last 50): -1459.49
Episode 5300/100000 | Average Reward (last 50): -1439.40
Episode 5350/100000 | Average Reward (last 50): -1448.49
Episode 5400/100000 | Average Reward (last 50): -1430.41
Episode 5450/100000 | Average Reward (last 50): -1406.16
Episode 5500/100000 | Average Reward (last 50): -1418.84
Episode 5550/100000 | Average Reward (last 50): -1446.99
Episode 5600/100000 | Average Reward (last 50): -1402.99
Episode 5650/100000 | Average Reward (last 50): -1458.40
Episode 5700/100000 | Average Reward (last 50): -1414.88
Episode 5750/100000 | Average Reward (last 50): -1380.69
Episode 5800/100000 | Average Reward (last 50): -1455.62
Episode 5850/100000 | Average Reward (last 50): -1397.24
Episode 5900/100000 | Average Reward (last 50): -1386.42
Episode 5950/100000 | Average Reward (last 50): -1429.16
Episode 6000/100000 | Average Reward (last 50): -1517.43
Episode 6050/100000 | Average Reward (last 50): -1456.07
Episode 6100/100000 | Average Reward (last 50): -1399.78
Episode 6150/100000 | Average Reward (last 50): -1442.85
Episode 6200/100000 | Average Reward (last 50): -1408.53
Episode 6250/100000 | Average Reward (last 50): -1415.06
Episode 6300/100000 | Average Reward (last 50): -1492.54
Episode 6350/100000 | Average Reward (last 50): -1378.58
Episode 6400/100000 | Average Reward (last 50): -1527.52
Episode 6450/100000 | Average Reward (last 50): -1434.36
Episode 6500/100000 | Average Reward (last 50): -1450.42
Episode 6550/100000 | Average Reward (last 50): -1496.19
Episode 6600/100000 | Average Reward (last 50): -1364.89
Episode 6650/100000 | Average Reward (last 50): -1405.36
Episode 6700/100000 | Average Reward (last 50): -1443.17
Episode 6750/100000 | Average Reward (last 50): -1458.94
Episode 6800/100000 | Average Reward (last 50): -1391.55
Episode 6850/100000 | Average Reward (last 50): -1489.49
Episode 6900/100000 | Average Reward (last 50): -1428.24
Episode 6950/100000 | Average Reward (last 50): -1431.71
Episode 7000/100000 | Average Reward (last 50): -1375.31
Episode 7050/100000 | Average Reward (last 50): -1470.44
Episode 7100/100000 | Average Reward (last 50): -1423.82
Episode 7150/100000 | Average Reward (last 50): -1374.35
Episode 7200/100000 | Average Reward (last 50): -1401.98
Episode 7250/100000 | Average Reward (last 50): -1358.87
Episode 7300/100000 | Average Reward (last 50): -1150.68
Episode 7350/100000 | Average Reward (last 50): -1188.25
Episode 7400/100000 | Average Reward (last 50): -1265.05
Episode 7450/100000 | Average Reward (last 50): -1101.62
Episode 7500/100000 | Average Reward (last 50): -1306.81
Episode 7550/100000 | Average Reward (last 50): -1307.04
Traceback (most recent call last):
  File "/home/administrator/FYP/RL-baselines/baselines/model-free/actor-critic/actor_critic_continuous.py", line 225, in <module>
    model, rewards = train()
                     ^^^^^^^
  File "/home/administrator/FYP/RL-baselines/baselines/model-free/actor-critic/actor_critic_continuous.py", line 106, in train
    action = dist.sample()
             ^^^^^^^^^^^^^
  File "/home/administrator/FYP/RL-baselines/venv/lib/python3.12/site-packages/torch/distributions/normal.py", line 80, in sample
    return torch.normal(self.loc.expand(shape), self.scale.expand(shape))
           ^^^^^^^^^^^^^^^^^^^^^^^^^^^^^^^^^^^^^^^^^^^^^^^^^^^^^^^^^^^^^^
KeyboardInterrupt
