Using device: cuda
Saving all results to: /home/administrator/FYP/RL-baselines/results/muzero/run_20260501_142802
Starting MuZero training on CartPole-v1...
Game 10/5000 | Avg Reward: 15.50
Game 20/5000 | Avg Reward: 18.50
Game 30/5000 | Avg Reward: 22.30
Game 40/5000 | Avg Reward: 17.90
Game 50/5000 | Avg Reward: 19.90
Game 60/5000 | Avg Reward: 23.40
Game 70/5000 | Avg Reward: 18.30
Game 80/5000 | Avg Reward: 26.00
Game 90/5000 | Avg Reward: 25.00
Game 100/5000 | Avg Reward: 23.20
Game 110/5000 | Avg Reward: 44.10
Game 120/5000 | Avg Reward: 54.50
Game 130/5000 | Avg Reward: 83.90
Game 140/5000 | Avg Reward: 50.40
Game 150/5000 | Avg Reward: 83.70
Game 160/5000 | Avg Reward: 99.30
Game 170/5000 | Avg Reward: 109.30
Game 180/5000 | Avg Reward: 91.80
Game 190/5000 | Avg Reward: 118.50
Game 200/5000 | Avg Reward: 198.60
Game 210/5000 | Avg Reward: 212.00
Game 220/5000 | Avg Reward: 220.20
Game 230/5000 | Avg Reward: 251.60
Game 240/5000 | Avg Reward: 340.20
Game 250/5000 | Avg Reward: 290.00
Game 260/5000 | Avg Reward: 239.70
Game 270/5000 | Avg Reward: 257.70
Game 280/5000 | Avg Reward: 263.00
Game 290/5000 | Avg Reward: 293.10
Game 300/5000 | Avg Reward: 356.10
Game 310/5000 | Avg Reward: 377.40
Game 320/5000 | Avg Reward: 429.80
Game 330/5000 | Avg Reward: 406.90
Game 340/5000 | Avg Reward: 322.00
Game 350/5000 | Avg Reward: 338.40
Game 360/5000 | Avg Reward: 349.80
Game 370/5000 | Avg Reward: 428.70
Game 380/5000 | Avg Reward: 334.20
Game 390/5000 | Avg Reward: 433.50
Game 400/5000 | Avg Reward: 412.20
Game 410/5000 | Avg Reward: 313.10
Game 420/5000 | Avg Reward: 468.40
Game 430/5000 | Avg Reward: 487.60
Solved!
Training curve saved as '/home/administrator/FYP/RL-baselines/results/muzero/run_20260501_142802/training_curve.png'
Evaluation finished. Total Reward: 500.0
Saving video as /home/administrator/FYP/RL-baselines/results/muzero/run_20260501_142802/muzero_agent.gif...
Saved successfully!
