Using device: cuda
Saving all results to: /home/administrator/baselines/results/actor_critic_continuous/run_20260428_203455
Starting Continuous Actor-Critic training on Pendulum-v1...
Episode 50/100000 | Average Reward (last 50): -1408.11
Episode 100/100000 | Average Reward (last 50): -1526.56
Episode 150/100000 | Average Reward (last 50): -1497.16
Episode 200/100000 | Average Reward (last 50): -1523.95
Episode 250/100000 | Average Reward (last 50): -1420.95
Episode 300/100000 | Average Reward (last 50): -1432.87
Episode 350/100000 | Average Reward (last 50): -1367.80
Episode 400/100000 | Average Reward (last 50): -1467.72
Episode 450/100000 | Average Reward (last 50): -1513.71
Episode 500/100000 | Average Reward (last 50): -1486.77
Episode 550/100000 | Average Reward (last 50): -1304.67
Episode 600/100000 | Average Reward (last 50): -1443.77
Episode 650/100000 | Average Reward (last 50): -1461.91
Episode 700/100000 | Average Reward (last 50): -1400.85
Episode 750/100000 | Average Reward (last 50): -1364.39
Episode 800/100000 | Average Reward (last 50): -1440.62
Episode 850/100000 | Average Reward (last 50): -1425.44
Episode 900/100000 | Average Reward (last 50): -1426.67
Episode 950/100000 | Average Reward (last 50): -1372.14
Episode 1000/100000 | Average Reward (last 50): -1430.58
Episode 1050/100000 | Average Reward (last 50): -1421.13
Episode 1100/100000 | Average Reward (last 50): -1376.27
Episode 1150/100000 | Average Reward (last 50): -1457.57
Episode 1200/100000 | Average Reward (last 50): -1422.91
Episode 1250/100000 | Average Reward (last 50): -1436.50
Episode 1300/100000 | Average Reward (last 50): -1411.39
Episode 1350/100000 | Average Reward (last 50): -1477.20
Episode 1400/100000 | Average Reward (last 50): -1517.08
Episode 1450/100000 | Average Reward (last 50): -1484.49
Episode 1500/100000 | Average Reward (last 50): -1447.41
Episode 1550/100000 | Average Reward (last 50): -1449.04
Episode 1600/100000 | Average Reward (last 50): -1385.42
Episode 1650/100000 | Average Reward (last 50): -1371.33
Episode 1700/100000 | Average Reward (last 50): -1341.14
Episode 1750/100000 | Average Reward (last 50): -1359.74
Episode 1800/100000 | Average Reward (last 50): -1437.67
Episode 1850/100000 | Average Reward (last 50): -1466.19
Episode 1900/100000 | Average Reward (last 50): -1458.80
Episode 1950/100000 | Average Reward (last 50): -1455.54
Episode 2000/100000 | Average Reward (last 50): -1448.02
Episode 2050/100000 | Average Reward (last 50): -1477.44
Episode 2100/100000 | Average Reward (last 50): -1392.48
Episode 2150/100000 | Average Reward (last 50): -1417.02
Episode 2200/100000 | Average Reward (last 50): -1467.01
Episode 2250/100000 | Average Reward (last 50): -1354.26
Episode 2300/100000 | Average Reward (last 50): -1367.03
Episode 2350/100000 | Average Reward (last 50): -1461.52
Episode 2400/100000 | Average Reward (last 50): -1428.26
Episode 2450/100000 | Average Reward (last 50): -1493.28
Episode 2500/100000 | Average Reward (last 50): -1474.33
Episode 2550/100000 | Average Reward (last 50): -1404.00
Episode 2600/100000 | Average Reward (last 50): -1502.36
Episode 2650/100000 | Average Reward (last 50): -1367.02
Episode 2700/100000 | Average Reward (last 50): -1431.91
Episode 2750/100000 | Average Reward (last 50): -1379.45
Episode 2800/100000 | Average Reward (last 50): -1463.24
Episode 2850/100000 | Average Reward (last 50): -1417.02
Episode 2900/100000 | Average Reward (last 50): -1396.42
Episode 2950/100000 | Average Reward (last 50): -1489.44
Episode 3000/100000 | Average Reward (last 50): -1493.64
Episode 3050/100000 | Average Reward (last 50): -1431.16
Episode 3100/100000 | Average Reward (last 50): -1431.20
Episode 3150/100000 | Average Reward (last 50): -1379.06
Episode 3200/100000 | Average Reward (last 50): -1448.08
Episode 3250/100000 | Average Reward (last 50): -1422.93
Episode 3300/100000 | Average Reward (last 50): -1434.82
Episode 3350/100000 | Average Reward (last 50): -1439.01
Episode 3400/100000 | Average Reward (last 50): -1402.56
Episode 3450/100000 | Average Reward (last 50): -1436.92
Episode 3500/100000 | Average Reward (last 50): -1469.49
Episode 3550/100000 | Average Reward (last 50): -1459.06
Episode 3600/100000 | Average Reward (last 50): -1424.46
Episode 3650/100000 | Average Reward (last 50): -1498.13
Episode 3700/100000 | Average Reward (last 50): -1499.30
Episode 3750/100000 | Average Reward (last 50): -1381.20
Episode 3800/100000 | Average Reward (last 50): -1483.58
Episode 3850/100000 | Average Reward (last 50): -1412.76
Episode 3900/100000 | Average Reward (last 50): -1383.21
Episode 3950/100000 | Average Reward (last 50): -1404.34
Episode 4000/100000 | Average Reward (last 50): -1459.60
Episode 4050/100000 | Average Reward (last 50): -1427.67
Episode 4100/100000 | Average Reward (last 50): -1434.08
Episode 4150/100000 | Average Reward (last 50): -1448.53
Episode 4200/100000 | Average Reward (last 50): -1497.62
Episode 4250/100000 | Average Reward (last 50): -1400.03
Episode 4300/100000 | Average Reward (last 50): -1440.79
Episode 4350/100000 | Average Reward (last 50): -1460.65
Episode 4400/100000 | Average Reward (last 50): -1478.24
Episode 4450/100000 | Average Reward (last 50): -1369.12
Episode 4500/100000 | Average Reward (last 50): -1432.71
Episode 4550/100000 | Average Reward (last 50): -1435.85
Episode 4600/100000 | Average Reward (last 50): -1448.00
Episode 4650/100000 | Average Reward (last 50): -1370.66
Episode 4700/100000 | Average Reward (last 50): -1404.31
Episode 4750/100000 | Average Reward (last 50): -1435.61
Episode 4800/100000 | Average Reward (last 50): -1451.47
Episode 4850/100000 | Average Reward (last 50): -1427.33
Episode 4900/100000 | Average Reward (last 50): -1461.47
Episode 4950/100000 | Average Reward (last 50): -1421.29
Episode 5000/100000 | Average Reward (last 50): -1416.77
Episode 5050/100000 | Average Reward (last 50): -1451.00
Episode 5100/100000 | Average Reward (last 50): -1481.71
Episode 5150/100000 | Average Reward (last 50): -1444.65
Episode 5200/100000 | Average Reward (last 50): -1434.33
Episode 5250/100000 | Average Reward (last 50): -1480.04
Episode 5300/100000 | Average Reward (last 50): -1430.45
Episode 5350/100000 | Average Reward (last 50): -1454.00
Episode 5400/100000 | Average Reward (last 50): -1433.44
Episode 5450/100000 | Average Reward (last 50): -1444.88
Episode 5500/100000 | Average Reward (last 50): -1437.26
Episode 5550/100000 | Average Reward (last 50): -1421.01
Episode 5600/100000 | Average Reward (last 50): -1380.45
Episode 5650/100000 | Average Reward (last 50): -1450.47
Episode 5700/100000 | Average Reward (last 50): -1428.87
Episode 5750/100000 | Average Reward (last 50): -1462.86
Episode 5800/100000 | Average Reward (last 50): -1386.94
Episode 5850/100000 | Average Reward (last 50): -1492.03
Episode 5900/100000 | Average Reward (last 50): -1409.43
Episode 5950/100000 | Average Reward (last 50): -1435.18
Episode 6000/100000 | Average Reward (last 50): -1474.47
Episode 6050/100000 | Average Reward (last 50): -1444.98
Episode 6100/100000 | Average Reward (last 50): -1424.05
Episode 6150/100000 | Average Reward (last 50): -1462.86
Episode 6200/100000 | Average Reward (last 50): -1452.38
Episode 6250/100000 | Average Reward (last 50): -1462.13
Episode 6300/100000 | Average Reward (last 50): -1400.96
Episode 6350/100000 | Average Reward (last 50): -1400.20
Episode 6400/100000 | Average Reward (last 50): -1402.46
Episode 6450/100000 | Average Reward (last 50): -1433.99
Episode 6500/100000 | Average Reward (last 50): -1433.00
Episode 6550/100000 | Average Reward (last 50): -1454.56
Episode 6600/100000 | Average Reward (last 50): -1441.17
Episode 6650/100000 | Average Reward (last 50): -1384.79
Episode 6700/100000 | Average Reward (last 50): -1413.32
Episode 6750/100000 | Average Reward (last 50): -1467.90
Episode 6800/100000 | Average Reward (last 50): -1428.76
Episode 6850/100000 | Average Reward (last 50): -1481.66
Episode 6900/100000 | Average Reward (last 50): -1445.47
Episode 6950/100000 | Average Reward (last 50): -1383.02
Episode 7000/100000 | Average Reward (last 50): -1436.80
Episode 7050/100000 | Average Reward (last 50): -1425.22
Episode 7100/100000 | Average Reward (last 50): -1445.01
Episode 7150/100000 | Average Reward (last 50): -1464.51
Episode 7200/100000 | Average Reward (last 50): -1471.31
Episode 7250/100000 | Average Reward (last 50): -1359.43
Episode 7300/100000 | Average Reward (last 50): -1342.96
Episode 7350/100000 | Average Reward (last 50): -1398.68
Episode 7400/100000 | Average Reward (last 50): -1411.32
Episode 7450/100000 | Average Reward (last 50): -1421.50
Episode 7500/100000 | Average Reward (last 50): -1448.82
Episode 7550/100000 | Average Reward (last 50): -1477.68
Episode 7600/100000 | Average Reward (last 50): -1416.07
Episode 7650/100000 | Average Reward (last 50): -1397.95
Episode 7700/100000 | Average Reward (last 50): -1410.41
Episode 7750/100000 | Average Reward (last 50): -1511.64
Episode 7800/100000 | Average Reward (last 50): -1437.03
Episode 7850/100000 | Average Reward (last 50): -1435.71
Episode 7900/100000 | Average Reward (last 50): -1408.67
Episode 7950/100000 | Average Reward (last 50): -1361.30
Episode 8000/100000 | Average Reward (last 50): -1404.90
Episode 8050/100000 | Average Reward (last 50): -1422.77
Episode 8100/100000 | Average Reward (last 50): -1440.15
Episode 8150/100000 | Average Reward (last 50): -1437.01
Episode 8200/100000 | Average Reward (last 50): -1453.33
Episode 8250/100000 | Average Reward (last 50): -1462.98
Episode 8300/100000 | Average Reward (last 50): -1439.07
Episode 8350/100000 | Average Reward (last 50): -1422.18
Episode 8400/100000 | Average Reward (last 50): -1450.91
Episode 8450/100000 | Average Reward (last 50): -1430.47
Episode 8500/100000 | Average Reward (last 50): -1420.02
Episode 8550/100000 | Average Reward (last 50): -1423.17
Episode 8600/100000 | Average Reward (last 50): -1460.25
Episode 8650/100000 | Average Reward (last 50): -1434.82
Episode 8700/100000 | Average Reward (last 50): -1445.23
Episode 8750/100000 | Average Reward (last 50): -1464.14
Episode 8800/100000 | Average Reward (last 50): -1424.30
Episode 8850/100000 | Average Reward (last 50): -1380.35
Episode 8900/100000 | Average Reward (last 50): -1445.52
Episode 8950/100000 | Average Reward (last 50): -1410.93
Episode 9000/100000 | Average Reward (last 50): -1411.61
Episode 9050/100000 | Average Reward (last 50): -1410.94
Episode 9100/100000 | Average Reward (last 50): -1461.63
Episode 9150/100000 | Average Reward (last 50): -1416.01
Episode 9200/100000 | Average Reward (last 50): -1434.42
Episode 9250/100000 | Average Reward (last 50): -1422.77
Episode 9300/100000 | Average Reward (last 50): -1450.08
Episode 9350/100000 | Average Reward (last 50): -1444.69
Episode 9400/100000 | Average Reward (last 50): -1421.21
Episode 9450/100000 | Average Reward (last 50): -1424.70
Episode 9500/100000 | Average Reward (last 50): -1457.20
Episode 9550/100000 | Average Reward (last 50): -1458.72
Episode 9600/100000 | Average Reward (last 50): -1401.58
Episode 9650/100000 | Average Reward (last 50): -1470.58
Episode 9700/100000 | Average Reward (last 50): -1418.15
Episode 9750/100000 | Average Reward (last 50): -1425.13
Episode 9800/100000 | Average Reward (last 50): -1448.24
Episode 9850/100000 | Average Reward (last 50): -1384.13
Episode 9900/100000 | Average Reward (last 50): -1489.68
Episode 9950/100000 | Average Reward (last 50): -1417.80
Episode 10000/100000 | Average Reward (last 50): -1428.62
Episode 10050/100000 | Average Reward (last 50): -1482.07
Episode 10100/100000 | Average Reward (last 50): -1501.00
Episode 10150/100000 | Average Reward (last 50): -1459.01
Episode 10200/100000 | Average Reward (last 50): -1408.38
Episode 10250/100000 | Average Reward (last 50): -1445.20
Episode 10300/100000 | Average Reward (last 50): -1473.68
Episode 10350/100000 | Average Reward (last 50): -1412.16
Episode 10400/100000 | Average Reward (last 50): -1421.40
Episode 10450/100000 | Average Reward (last 50): -1406.62
Episode 10500/100000 | Average Reward (last 50): -1479.90
Episode 10550/100000 | Average Reward (last 50): -1412.24
Episode 10600/100000 | Average Reward (last 50): -1443.22
Episode 10650/100000 | Average Reward (last 50): -1473.23
Episode 10700/100000 | Average Reward (last 50): -1440.04
Episode 10750/100000 | Average Reward (last 50): -1367.13
Episode 10800/100000 | Average Reward (last 50): -1419.19
Episode 10850/100000 | Average Reward (last 50): -1464.88
Episode 10900/100000 | Average Reward (last 50): -1393.03
Episode 10950/100000 | Average Reward (last 50): -1450.71
Episode 11000/100000 | Average Reward (last 50): -1423.58
Episode 11050/100000 | Average Reward (last 50): -1443.83
Episode 11100/100000 | Average Reward (last 50): -1376.44
Episode 11150/100000 | Average Reward (last 50): -1417.56
Episode 11200/100000 | Average Reward (last 50): -1466.49
Episode 11250/100000 | Average Reward (last 50): -1441.82
Episode 11300/100000 | Average Reward (last 50): -1411.75
Episode 11350/100000 | Average Reward (last 50): -1500.41
Episode 11400/100000 | Average Reward (last 50): -1443.06
Episode 11450/100000 | Average Reward (last 50): -1454.89
Episode 11500/100000 | Average Reward (last 50): -1448.80
Episode 11550/100000 | Average Reward (last 50): -1382.91
Episode 11600/100000 | Average Reward (last 50): -1474.03
Episode 11650/100000 | Average Reward (last 50): -1428.65
Episode 11700/100000 | Average Reward (last 50): -1444.05
Episode 11750/100000 | Average Reward (last 50): -1457.52
Episode 11800/100000 | Average Reward (last 50): -1398.66
Episode 11850/100000 | Average Reward (last 50): -1419.86
Episode 11900/100000 | Average Reward (last 50): -1398.25
Episode 11950/100000 | Average Reward (last 50): -1486.35
Episode 12000/100000 | Average Reward (last 50): -1404.11
Episode 12050/100000 | Average Reward (last 50): -1485.02
Episode 12100/100000 | Average Reward (last 50): -1443.28
Episode 12150/100000 | Average Reward (last 50): -1435.30
Episode 12200/100000 | Average Reward (last 50): -1411.86
Episode 12250/100000 | Average Reward (last 50): -1478.13
Episode 12300/100000 | Average Reward (last 50): -1502.33
Episode 12350/100000 | Average Reward (last 50): -1407.39
Episode 12400/100000 | Average Reward (last 50): -1325.08
Episode 12450/100000 | Average Reward (last 50): -1464.46
Episode 12500/100000 | Average Reward (last 50): -1476.74
Episode 12550/100000 | Average Reward (last 50): -1471.61
Episode 12600/100000 | Average Reward (last 50): -1423.35
Episode 12650/100000 | Average Reward (last 50): -1421.31
Episode 12700/100000 | Average Reward (last 50): -1441.65
Episode 12750/100000 | Average Reward (last 50): -1487.47
Episode 12800/100000 | Average Reward (last 50): -1466.50
Episode 12850/100000 | Average Reward (last 50): -1466.55
Episode 12900/100000 | Average Reward (last 50): -1437.81
Episode 12950/100000 | Average Reward (last 50): -1483.23
Episode 13000/100000 | Average Reward (last 50): -1438.74
Episode 13050/100000 | Average Reward (last 50): -1431.37
Episode 13100/100000 | Average Reward (last 50): -1426.70
Episode 13150/100000 | Average Reward (last 50): -1479.04
Episode 13200/100000 | Average Reward (last 50): -1436.02
Episode 13250/100000 | Average Reward (last 50): -1406.24
Episode 13300/100000 | Average Reward (last 50): -1429.41
Episode 13350/100000 | Average Reward (last 50): -1385.77
Episode 13400/100000 | Average Reward (last 50): -1395.79
Episode 13450/100000 | Average Reward (last 50): -1415.61
Episode 13500/100000 | Average Reward (last 50): -1476.76
Episode 13550/100000 | Average Reward (last 50): -1482.24
Episode 13600/100000 | Average Reward (last 50): -1417.32
Episode 13650/100000 | Average Reward (last 50): -1426.17
Episode 13700/100000 | Average Reward (last 50): -1405.10
Episode 13750/100000 | Average Reward (last 50): -1492.19
Episode 13800/100000 | Average Reward (last 50): -1427.18
Traceback (most recent call last):
  File "/home/administrator/baselines/baselines/model-free/actor-critic/actor_critic_continuous.py", line 209, in <module>
    model, rewards = train()
                     ^^^^^^^
  File "/home/administrator/baselines/baselines/model-free/actor-critic/actor_critic_continuous.py", line 105, in train
    log_probs.append(dist.log_prob(action).sum())
                     ^^^^^^^^^^^^^^^^^^^^^
  File "/home/administrator/baselines/venv/lib/python3.12/site-packages/torch/distributions/normal.py", line 86, in log_prob
    math.log(self.scale) if isinstance(self.scale, Real) else self.scale.log()
                                                              ^^^^^^^^^^^^^^^^
KeyboardInterrupt
